2
/home/fczx/src/IIImete/log/getFserStas.log
2
/home/fczx/src/IIImete/log/getFserStas.log
2
/home/fczx/src/IIImete/log/getFserStas.log
---------busilist_.{0,}\.xml--------
2
/home/fczx/src/IIImete/log/getFserStas.log
---------busilist_.{0,}\.xml--------
2
/home/fczx/src/IIImete/log/getFserStas.log
---------busilist_.{0,}\.xml--------
\n---------ftp para begine--------
----ftpIP     =[192.168.0.154]
----ftpUser   =[Administrator]
----ftpPwd    =[qwer1234]
----ftpRdir   =[/tmp]
----ftpLdir   =[/home/fczx/src/IIImete/filedo/down/ser1]
----fileName  =[busilist_*.xml]
----ftpCtrPNum=[21]
---------ftp para end--------\n
2
/home/fczx/src/IIImete/log/getFserStas.log
---------busilist_.{0,}\.xml--------
\n---------ftp para begine--------
----ftpIP     =[192.168.0.154]
----ftpUser   =[Administrator]
----ftpPwd    =[qwer1234]
----ftpRdir   =[/tmp]
----ftpLdir   =[/home/fczx/src/IIImete/filedo/down/ser1]
----fileName  =[busilist_*.xml]
----ftpCtrPNum=[21]
---------ftp para end--------\n
2
/home/fczx/src/IIImete/log/getFserStas.log
---------busilist_.{0,}\.xml--------

---------ftp para begine--------
----ftpIP     =[192.168.0.154]
----ftpUser   =[Administrator]
----ftpPwd    =[qwer1234]
----ftpRdir   =[/tmp]
----ftpLdir   =[/home/fczx/src/IIImete/filedo/down/ser1]
----fileName  =[busilist_*.xml]
----ftpCtrPNum=[21]

2
/home/fczx/src/IIImete/log/getFserStas.log
---------busilist_.{0,}\.xml--------

---------ftp para begine--------
----ftpIP     =[192.168.0.154]
----ftpUser   =[Administrator]
----ftpPwd    =[qwer1234]
----ftpRdir   =[/tmp]
----ftpLdir   =[/home/fczx/src/IIImete/filedo/down/ser1]
----fileName  =[busilist_*.xml]
----ftpCtrPNum=[21]

2
/home/fczx/src/IIImete/log/getFserStas.log
---------busilist_.{0,}\.xml--------

---------ftp para begine--------
----ftpIP     =[192.168.0.154]
----ftpUser   =[Administrator]
----ftpPwd    =[qwer1234]
----ftpRdir   =[/tmp]
----ftpLdir   =[/home/fczx/src/IIImete/filedo/down/ser1]
----fileName  =[busilist_*.xml]
----ftpCtrPNum=[21]
---------ftp para end--------

2
/home/fczx/src/IIImete/log/getFserStas.log
---------busilist_.{0,}\.xml--------

---------ftp para begine--------
----ftpIP     =[192.168.0.154]
----ftpUser   =[Administrator]
----ftpPwd    =[qwer1234]
----ftpRdir   =[/tmp]
----ftpLdir   =[/home/fczx/src/IIImete/filedo/down/ser1]
----fileName  =[busilist_*.xml]
----ftpCtrPNum=[21]
---------ftp para end----------

2
/home/fczx/src/IIImete/log/getFserStas.log
---------busilist_.{0,}\.xml--------

---------ftp para begine--------
----ftpIP     =[192.168.0.154]
----ftpUser   =[Administrator]
----ftpPwd    =[qwer1234]
----ftpRdir   =[/tmp]
----ftpLdir   =[/home/fczx/src/IIImete/filedo/down/ser1]
----fileName  =[busilist_*.xml]
----ftpCtrPNum=[21]
---------ftp para end----------

2
/home/fczx/src/IIImete/log/getFserStas.log
---------busilist_.{0,}\.xml--------

---------ftp para begine--------
----ftpIP     =[192.168.0.154]
----ftpUser   =[Administrator]
----ftpPwd    =[qwer1234]
----ftpRdir   =[/tmp]
----ftpLdir   =[/home/fczx/src/IIImete/filedo/down/ser1]
----fileName  =[busilist_*.xml]
----ftpCtrPNum=[21]
---------ftp para end----------

2
/home/fczx/src/IIImete/log/getFserStas.log
---------busilist_.{0,}\.xml--------

---------ftp para begine--------
----ftpIP     =[192.168.0.154]
----ftpUser   =[Administrator]
----ftpPwd    =[qwer1234]
----ftpRdir   =[/tmp]
----ftpLdir   =[/home/fczx/src/IIImete/filedo/down/ser1]
----fileName  =[busilist_*.xml]
----ftpCtrPNum=[21]
---------ftp para end----------

2
/home/fczx/src/IIImete/log/getFserStas.log
---------busilist_.{0,}\.xml--------

---------ftp para begine--------
----ftpIP     =[192.168.0.154]
----ftpUser   =[Administrator]
----ftpPwd    =[qwer1234]
----ftpRdir   =[/tmp]
----ftpLdir   =[/home/fczx/src/IIImete/filedo/down/ser1]
----fileName  =[busilist_*.xml]
----ftpCtrPNum=[21]
---------ftp para end----------

2
/home/fczx/src/IIImete/log/getFserStas.log
---------busilist_.{0,}\.xml--------

---------ftp para begine--------
----ftpIP     =[192.168.0.154]
----ftpUser   =[Administrator]
----ftpPwd    =[qwer1234]
----ftpRdir   =[/tmp]
----ftpLdir   =[/home/fczx/src/IIImete/filedo/down/ser1]
----fileName  =[busilist_*.xml]
----ftpCtrPNum=[21]
---------ftp para end----------

2
/home/fczx/src/IIImete/log/getFserStas.log
---------busilist_.{0,}\.xml--------

---------ftp para begine--------
----ftpIP     =[192.168.0.154]
----ftpUser   =[Administrator]
----ftpPwd    =[qwer1234]
----ftpRdir   =[/tmp]
----ftpLdir   =[/home/fczx/src/IIImete/filedo/down/ser1]
----fileName  =[busilist_*.xml]
----ftpCtrPNum=[21]
---------ftp para end----------

2
/home/fczx/src/IIImete/log/getFserStas.log
---------busilist_.{0,}\.xml--------

---------ftp para begine--------
----ftpIP     =[192.168.0.154]
----ftpUser   =[Administrator]
----ftpPwd    =[qwer1234]
----ftpRdir   =[/tmp]
----ftpLdir   =[/home/fczx/src/IIImete/filedo/down/ser1]
----fileName  =[busilist_*.xml]
----ftpCtrPNum=[21]
---------ftp para end----------

2
/home/fczx/src/IIImete/log/getFserStas.log
---------busilist_.{0,}\.xml--------

---------ftp para begine--------
----ftpIP     =[192.168.0.154]
----ftpUser   =[Administrator]
----ftpPwd    =[qwer1234]
----ftpRdir   =[/tmp]
----ftpLdir   =[/home/fczx/src/IIImete/filedo/down/ser1]
----fileName  =[busilist_*.xml]
----ftpCtrPNum=[21]
---------ftp para end----------

----
Local directory now /home/fczx/src/IIImete/filedo/down/ser1 05-07-16 11:36AM 290455552 227_m 05-05-10 11:17AM 46760316 44_5m 04-08-18 04:12PM 9712607 FeiQ.zip 07-24-17 07:32PM 760 health20170722.xml 08-02-17 03:10PM <DIR> his 08-08-17 05:18PM 1408 intehealth20170720.xml 08-08-17 02:09PM 1181 intehealth20170808.xml 08-17-17 03:16PM 1447 intehealth20170817.xml 03-08-18 01:27PM 171089944 kk 08-03-17 04:51PM 225 Main20170803.log 06-22-17 01:41PM 1814 Makefile 03-09-18 10:31AM 1549 putFileSFtp.sh
----
2
/home/fczx/src/IIImete/log/getFserStas.log
---------busilist_.{0,}\.xml--------

---------ftp para begine--------
----ftpIP     =[192.168.0.154]
----ftpUser   =[Administrator]
----ftpPwd    =[qwer1234]
----ftpRdir   =[/tmp]
----ftpLdir   =[/home/fczx/src/IIImete/filedo/down/ser1]
----fileName  =[busilist_*.xml]
----ftpCtrPNum=[21]
---------ftp para end----------

----
Local directory now /home/fczx/src/IIImete/filedo/down/ser1 05-07-16 11:36AM 290455552 227_m 05-05-10 11:17AM 46760316 44_5m 04-08-18 04:12PM 9712607 FeiQ.zip 07-24-17 07:32PM 760 health20170722.xml 08-02-17 03:10PM <DIR> his 08-08-17 05:18PM 1408 intehealth20170720.xml 08-08-17 02:09PM 1181 intehealth20170808.xml 08-17-17 03:16PM 1447 intehealth20170817.xml 03-08-18 01:27PM 171089944 kk 08-03-17 04:51PM 225 Main20170803.log 06-22-17 01:41PM 1814 Makefile 03-09-18 10:31AM 1549 putFileSFtp.sh
----

2
/home/fczx/src/IIImete/log/getFserStas.log
---------busilist_.{0,}\.xml--------

---------ftp para begine--------
----ftpIP     =[192.168.0.154]
----ftpUser   =[Administrator]
----ftpPwd    =[qwer1234]
----ftpRdir   =[/tmp]
----ftpLdir   =[/home/fczx/src/IIImete/filedo/down/ser1]
----fileName  =[busilist_*.xml]
----ftpCtrPNum=[21]
---------ftp para end----------

----
Local directory now /home/fczx/src/IIImete/filedo/down/ser1 05-07-16 11:36AM 290455552 227_m 05-05-10 11:17AM 46760316 44_5m 04-08-18 04:12PM 9712607 FeiQ.zip 07-24-17 07:32PM 760 health20170722.xml 08-02-17 03:10PM <DIR> his 08-08-17 05:18PM 1408 intehealth20170720.xml 08-08-17 02:09PM 1181 intehealth20170808.xml 08-17-17 03:16PM 1447 intehealth20170817.xml 03-08-18 01:27PM 171089944 kk 08-03-17 04:51PM 225 Main20170803.log 06-22-17 01:41PM 1814 Makefile 03-09-18 10:31AM 1549 putFileSFtp.sh
----

2
/home/fczx/src/IIImete/log/getFserStas.log
---------busilist_.{0,}\.xml--------

---------ftp para begine--------
----ftpIP     =[192.168.0.154]
----ftpUser   =[Administrator]
----ftpPwd    =[qwer1234]
----ftpRdir   =[/tmp]
----ftpLdir   =[/home/fczx/src/IIImete/filedo/down/ser1]
----fileName  =[busilist_*.xml]
----ftpCtrPNum=[21]
---------ftp para end----------

----
Local directory now /home/fczx/src/IIImete/filedo/down/ser1 05-07-16 11:36AM 290455552 227_m 05-05-10 11:17AM 46760316 44_5m 04-08-18 04:12PM 9712607 FeiQ.zip 07-24-17 07:32PM 760 health20170722.xml 08-02-17 03:10PM <DIR> his 08-08-17 05:18PM 1408 intehealth20170720.xml 08-08-17 02:09PM 1181 intehealth20170808.xml 08-17-17 03:16PM 1447 intehealth20170817.xml 03-08-18 01:27PM 171089944 kk 08-03-17 04:51PM 225 Main20170803.log 06-22-17 01:41PM 1814 Makefile 03-09-18 10:31AM 1549 putFileSFtp.sh
----

2
/home/fczx/src/IIImete/log/getFserStas.log
---------busilist_.{0,}\.xml--------

---------ftp para begine--------
----ftpIP     =[192.168.0.154]
----ftpUser   =[Administrator]
----ftpPwd    =[qwer1234]
----ftpRdir   =[/tmp]
----ftpLdir   =[/home/fczx/src/IIImete/filedo/down/ser1]
----fileName  =[busilist_*.xml]
----ftpCtrPNum=[21]
---------ftp para end----------

----
Local directory now /home/fczx/src/IIImete/filedo/down/ser1 05-07-16 11:36AM 290455552 227_m 05-05-10 11:17AM 46760316 44_5m 04-08-18 04:12PM 9712607 FeiQ.zip 07-24-17 07:32PM 760 health20170722.xml 08-02-17 03:10PM <DIR> his 08-08-17 05:18PM 1408 intehealth20170720.xml 08-08-17 02:09PM 1181 intehealth20170808.xml 08-17-17 03:16PM 1447 intehealth20170817.xml 03-08-18 01:27PM 171089944 kk 08-03-17 04:51PM 225 Main20170803.log 06-22-17 01:41PM 1814 Makefile 03-09-18 10:31AM 1549 putFileSFtp.sh
----

2
/home/fczx/src/IIImete/log/getFserStas.log
---------busilist_.{0,}\.xml--------

---------ftp para begine--------
----ftpIP     =[192.168.0.154]
----ftpUser   =[Administrator]
----ftpPwd    =[qwer1234]
----ftpRdir   =[/tmp]
----ftpLdir   =[/home/fczx/src/IIImete/filedo/down/ser1]
----fileName  =[busilist_*.xml]
----ftpCtrPNum=[21]
---------ftp para end----------

----
Local directory now /home/fczx/src/IIImete/filedo/down/ser1 05-07-16 11:36AM 290455552 227_m 05-05-10 11:17AM 46760316 44_5m 04-08-18 04:12PM 9712607 FeiQ.zip 07-24-17 07:32PM 760 health20170722.xml 08-02-17 03:10PM <DIR> his 08-08-17 05:18PM 1408 intehealth20170720.xml 08-08-17 02:09PM 1181 intehealth20170808.xml 08-17-17 03:16PM 1447 intehealth20170817.xml 03-08-18 01:27PM 171089944 kk 08-03-17 04:51PM 225 Main20170803.log 06-22-17 01:41PM 1814 Makefile 03-09-18 10:31AM 1549 putFileSFtp.sh
----

2
/home/fczx/src/IIImete/log/getFserStas.log
---------busilist_.{0,}\.xml--------

---------ftp para begine--------
----ftpIP     =[192.168.0.154]
----ftpUser   =[Administrator]
----ftpPwd    =[qwer1234]
----ftpRdir   =[/tmp]
----ftpLdir   =[/home/fczx/src/IIImete/filedo/down/ser1]
----fileName  =[busilist_*.xml]
----ftpCtrPNum=[21]
---------ftp para end----------

----
Local directory now /home/fczx/src/IIImete/filedo/down/ser1 05-07-16 11:36AM 290455552 227_m 05-05-10 11:17AM 46760316 44_5m 04-08-18 04:12PM 9712607 FeiQ.zip 07-24-17 07:32PM 760 health20170722.xml 08-02-17 03:10PM <DIR> his 08-08-17 05:18PM 1408 intehealth20170720.xml 08-08-17 02:09PM 1181 intehealth20170808.xml 08-17-17 03:16PM 1447 intehealth20170817.xml 03-08-18 01:27PM 171089944 kk 08-03-17 04:51PM 225 Main20170803.log 06-22-17 01:41PM 1814 Makefile 03-09-18 10:31AM 1549 putFileSFtp.sh
----

2
/home/fczx/src/IIImete/log/getFserStas.log
---------busilist_.{0,}\.xml--------

---------ftp para begine--------
----ftpIP     =[192.168.0.154]
----ftpUser   =[Administrator]
----ftpPwd    =[qwer1234]
----ftpRdir   =[/tmp]
----ftpLdir   =[/home/fczx/src/IIImete/filedo/down/ser1]
----fileName  =[busilist_*.xml]
----ftpCtrPNum=[21]
---------ftp para end----------

----
Local directory now /home/fczx/src/IIImete/filedo/down/ser1 05-07-16 11:36AM 290455552 227_m 05-05-10 11:17AM 46760316 44_5m 04-08-18 04:12PM 9712607 FeiQ.zip 07-24-17 07:32PM 760 health20170722.xml 08-02-17 03:10PM <DIR> his 08-08-17 05:18PM 1408 intehealth20170720.xml 08-08-17 02:09PM 1181 intehealth20170808.xml 08-17-17 03:16PM 1447 intehealth20170817.xml 03-08-18 01:27PM 171089944 kk 08-03-17 04:51PM 225 Main20170803.log 06-22-17 01:41PM 1814 Makefile 03-09-18 10:31AM 1549 putFileSFtp.sh
----

2
/home/fczx/src/IIImete/log/getFserStas.log
---------busilist_.{0,}\.xml--------

---------ftp para begine--------
----ftpIP     =[192.168.0.154]
----ftpUser   =[Administrator]
----ftpPwd    =[qwer1234]
----ftpRdir   =[/tmp]
----ftpLdir   =[/home/fczx/src/IIImete/filedo/down/ser1]
----fileName  =[busilist_*.xml]
----ftpCtrPNum=[21]
---------ftp para end----------

----
Local directory now /home/fczx/src/IIImete/filedo/down/ser1 05-07-16 11:36AM 290455552 227_m 05-05-10 11:17AM 46760316 44_5m 04-08-18 04:12PM 9712607 FeiQ.zip 07-24-17 07:32PM 760 health20170722.xml 08-02-17 03:10PM <DIR> his 08-08-17 05:18PM 1408 intehealth20170720.xml 08-08-17 02:09PM 1181 intehealth20170808.xml 08-17-17 03:16PM 1447 intehealth20170817.xml 03-08-18 01:27PM 171089944 kk 08-03-17 04:51PM 225 Main20170803.log 06-22-17 01:41PM 1814 Makefile 03-09-18 10:31AM 1549 putFileSFtp.sh
----

2
/home/fczx/src/IIImete/log/getFserStas.log
---------busilist_.{0,}\.xml--------

---------ftp para begine--------
----ftpIP     =[192.168.0.154]
----ftpUser   =[Administrator]
----ftpPwd    =[qwer1234]
----ftpRdir   =[/tmp]
----ftpLdir   =[/home/fczx/src/IIImete/filedo/down/ser1]
----fileName  =[busilist_*.xml]
----ftpCtrPNum=[21]
---------ftp para end----------

----
Local directory now /home/fczx/src/IIImete/filedo/down/ser1 05-07-16 11:36AM 290455552 227_m 05-05-10 11:17AM 46760316 44_5m 04-08-18 04:12PM 9712607 FeiQ.zip 07-24-17 07:32PM 760 health20170722.xml 08-02-17 03:10PM <DIR> his 08-08-17 05:18PM 1408 intehealth20170720.xml 08-08-17 02:09PM 1181 intehealth20170808.xml 08-17-17 03:16PM 1447 intehealth20170817.xml 03-08-18 01:27PM 171089944 kk 08-03-17 04:51PM 225 Main20170803.log 06-22-17 01:41PM 1814 Makefile 03-09-18 10:31AM 1549 putFileSFtp.sh
----

2
/home/fczx/src/IIImete/log/getFserStas.log
---------busilist_.{0,}\.xml--------

---------ftp para begine--------
----ftpIP     =[192.168.0.154]
----ftpUser   =[Administrator]
----ftpPwd    =[qwer1234]
----ftpRdir   =[/tmp]
----ftpLdir   =[/home/fczx/src/IIImete/filedo/down/ser1]
----fileName  =[busilist_*.xml]
----ftpCtrPNum=[21]
---------ftp para end----------

----
Local directory now /home/fczx/src/IIImete/filedo/down/ser1 05-07-16 11:36AM 290455552 227_m 05-05-10 11:17AM 46760316 44_5m 04-08-18 04:12PM 9712607 FeiQ.zip 07-24-17 07:32PM 760 health20170722.xml 08-02-17 03:10PM <DIR> his 08-08-17 05:18PM 1408 intehealth20170720.xml 08-08-17 02:09PM 1181 intehealth20170808.xml 08-17-17 03:16PM 1447 intehealth20170817.xml 03-08-18 01:27PM 171089944 kk 08-03-17 04:51PM 225 Main20170803.log 06-22-17 01:41PM 1814 Makefile 03-09-18 10:31AM 1549 putFileSFtp.sh
----

2
/home/fczx/src/IIImete/log/getFserStas.log
---------busilist_.{0,}\.xml--------

---------ftp para begine--------
----ftpIP     =[192.168.0.154]
----ftpUser   =[Administrator]
----ftpPwd    =[qwer1234]
----ftpRdir   =[/tmp]
----ftpLdir   =[/home/fczx/src/IIImete/filedo/down/ser1]
----fileName  =[busilist_*.xml]
----ftpCtrPNum=[21]
---------ftp para end----------

----
Local directory now /home/fczx/src/IIImete/filedo/down/ser1 05-07-16 11:36AM 290455552 227_m 05-05-10 11:17AM 46760316 44_5m 04-08-18 04:12PM 9712607 FeiQ.zip 07-24-17 07:32PM 760 health20170722.xml 08-02-17 03:10PM <DIR> his 08-08-17 05:18PM 1408 intehealth20170720.xml 08-08-17 02:09PM 1181 intehealth20170808.xml 08-17-17 03:16PM 1447 intehealth20170817.xml 03-08-18 01:27PM 171089944 kk 08-03-17 04:51PM 225 Main20170803.log 06-22-17 01:41PM 1814 Makefile 03-09-18 10:31AM 1549 putFileSFtp.sh
----

2
/home/fczx/src/IIImete/log/getFserStas.log
---------busilist_.{0,}\.xml--------

---------ftp para begine--------
----ftpIP     =[192.168.0.154]
----ftpUser   =[Administrator]
----ftpPwd    =[qwer1234]
----ftpRdir   =[/tmp]
----ftpLdir   =[/home/fczx/src/IIImete/filedo/down/ser1]
----fileName  =[busilist_*.xml]
----ftpCtrPNum=[21]
---------ftp para end----------

----
Local directory now /home/fczx/src/IIImete/filedo/down/ser1 05-07-16 11:36AM 290455552 227_m 05-05-10 11:17AM 46760316 44_5m 04-08-18 04:12PM 9712607 FeiQ.zip 07-24-17 07:32PM 760 health20170722.xml 08-02-17 03:10PM <DIR> his 08-08-17 05:18PM 1408 intehealth20170720.xml 08-08-17 02:09PM 1181 intehealth20170808.xml 08-17-17 03:16PM 1447 intehealth20170817.xml 03-08-18 01:27PM 171089944 kk 08-03-17 04:51PM 225 Main20170803.log 06-22-17 01:41PM 1814 Makefile 03-09-18 10:31AM 1549 putFileSFtp.sh
----

2
/home/fczx/src/IIImete/log/getFserStas.log
---------busilist_.{0,}\.xml--------

---------ftp para begine--------
----ftpIP     =[192.168.0.154]
----ftpUser   =[Administrator]
----ftpPwd    =[qwer1234]
----ftpRdir   =[/tmp]
----ftpLdir   =[/home/fczx/src/IIImete/filedo/down/ser1]
----fileName  =[busilist_*.xml]
----ftpCtrPNum=[21]
---------ftp para end----------

----
Local directory now /home/fczx/src/IIImete/filedo/down/ser1 05-07-16 11:36AM 290455552 227_m 05-05-10 11:17AM 46760316 44_5m 04-08-18 04:12PM 9712607 FeiQ.zip 07-24-17 07:32PM 760 health20170722.xml 08-02-17 03:10PM <DIR> his 08-08-17 05:18PM 1408 intehealth20170720.xml 08-08-17 02:09PM 1181 intehealth20170808.xml 08-17-17 03:16PM 1447 intehealth20170817.xml 03-08-18 01:27PM 171089944 kk 08-03-17 04:51PM 225 Main20170803.log 06-22-17 01:41PM 1814 Makefile 03-09-18 10:31AM 1549 putFileSFtp.sh
----

Local directory now /home/fczx/src/IIImete/filedo/down/ser1 05-07-16 11:36AM 290455552 227_m 05-05-10 11:17AM 46760316 44_5m 04-08-18 04:12PM 9712607 FeiQ.zip 07-24-17 07:32PM 760 health20170722.xml 08-02-17 03:10PM <DIR> his 08-08-17 05:18PM 1408 intehealth20170720.xml 08-08-17 02:09PM 1181 intehealth20170808.xml 08-17-17 03:16PM 1447 intehealth20170817.xml 03-08-18 01:27PM 171089944 kk 08-03-17 04:51PM 225 Main20170803.log 06-22-17 01:41PM 1814 Makefile 03-09-18 10:31AM 1549 putFileSFtp.sh
2018/04/09 09:59:12.755075384 the file  [busilist_*.xml] is not exists
2
/home/fczx/src/IIImete/log/getFserStas.log
---------busilist_.{0,}\.xml--------

---------ftp para begine--------
----ftpIP     =[192.168.0.154]
----ftpUser   =[Administrator]
----ftpPwd    =[qwer1234]
----ftpRdir   =[/tmp]
----ftpLdir   =[/home/fczx/src/IIImete/filedo/down/ser1]
----fileName  =[busilist_*.xml]
----ftpCtrPNum=[21]
---------ftp para end----------

----
Local directory now /home/fczx/src/IIImete/filedo/down/ser1 05-07-16 11:36AM 290455552 227_m 05-05-10 11:17AM 46760316 44_5m 04-08-18 04:12PM 9712607 FeiQ.zip 07-24-17 07:32PM 760 health20170722.xml 08-02-17 03:10PM <DIR> his 08-08-17 05:18PM 1408 intehealth20170720.xml 08-08-17 02:09PM 1181 intehealth20170808.xml 08-17-17 03:16PM 1447 intehealth20170817.xml 03-08-18 01:27PM 171089944 kk 08-03-17 04:51PM 225 Main20170803.log 06-22-17 01:41PM 1814 Makefile 03-09-18 10:31AM 1549 putFileSFtp.sh
----

Local directory now /home/fczx/src/IIImete/filedo/down/ser1 05-07-16 11:36AM 290455552 227_m 05-05-10 11:17AM 46760316 44_5m 04-08-18 04:12PM 9712607 FeiQ.zip 07-24-17 07:32PM 760 health20170722.xml 08-02-17 03:10PM <DIR> his 08-08-17 05:18PM 1408 intehealth20170720.xml 08-08-17 02:09PM 1181 intehealth20170808.xml 08-17-17 03:16PM 1447 intehealth20170817.xml 03-08-18 01:27PM 171089944 kk 08-03-17 04:51PM 225 Main20170803.log 06-22-17 01:41PM 1814 Makefile 03-09-18 10:31AM 1549 putFileSFtp.sh
2018/04/09 09:59:33.730296519 the file  [busilist_*.xml] is not exists
2
/home/fczx/src/IIImete/log/getFserStas.log
---------busilist_.{0,}\.xml--------

---------ftp para begine--------
----ftpIP     =[192.168.0.154]
----ftpUser   =[Administrator]
----ftpPwd    =[qwer1234]
----ftpRdir   =[/tmp]
----ftpLdir   =[/home/fczx/src/IIImete/filedo/down/ser1]
----fileName  =[busilist_*.xml]
----ftpCtrPNum=[21]
---------ftp para end----------

----
Local directory now /home/fczx/src/IIImete/filedo/down/ser1 05-07-16 11:36AM 290455552 227_m 05-05-10 11:17AM 46760316 44_5m 04-08-18 04:12PM 9712607 FeiQ.zip 07-24-17 07:32PM 760 health20170722.xml 08-02-17 03:10PM <DIR> his 08-08-17 05:18PM 1408 intehealth20170720.xml 08-08-17 02:09PM 1181 intehealth20170808.xml 08-17-17 03:16PM 1447 intehealth20170817.xml 03-08-18 01:27PM 171089944 kk 08-03-17 04:51PM 225 Main20170803.log 06-22-17 01:41PM 1814 Makefile 03-09-18 10:31AM 1549 putFileSFtp.sh
----

2
/home/fczx/src/IIImete/log/getFserStas.log
---------busilist_.{0,}\.xml--------

---------ftp para begine--------
----ftpIP     =[192.168.0.154]
----ftpUser   =[Administrator]
----ftpPwd    =[qwer1234]
----ftpRdir   =[/tmp]
----ftpLdir   =[/home/fczx/src/IIImete/filedo/down/ser1]
----fileName  =[busilist_*.xml]
----ftpCtrPNum=[21]
---------ftp para end----------

----
Local directory now /home/fczx/src/IIImete/filedo/down/ser1 05-07-16 11:36AM 290455552 227_m 05-05-10 11:17AM 46760316 44_5m 04-08-18 04:12PM 9712607 FeiQ.zip 07-24-17 07:32PM 760 health20170722.xml 08-02-17 03:10PM <DIR> his 08-08-17 05:18PM 1408 intehealth20170720.xml 08-08-17 02:09PM 1181 intehealth20170808.xml 08-17-17 03:16PM 1447 intehealth20170817.xml 03-08-18 01:27PM 171089944 kk 08-03-17 04:51PM 225 Main20170803.log 06-22-17 01:41PM 1814 Makefile 03-09-18 10:31AM 1549 putFileSFtp.sh
----

Local directory now /home/fczx/src/IIImete/filedo/down/ser1 05-07-16 11:36AM 290455552 227_m 05-05-10 11:17AM 46760316 44_5m 04-08-18 04:12PM 9712607 FeiQ.zip 07-24-17 07:32PM 760 health20170722.xml 08-02-17 03:10PM <DIR> his 08-08-17 05:18PM 1408 intehealth20170720.xml 08-08-17 02:09PM 1181 intehealth20170808.xml 08-17-17 03:16PM 1447 intehealth20170817.xml 03-08-18 01:27PM 171089944 kk 08-03-17 04:51PM 225 Main20170803.log 06-22-17 01:41PM 1814 Makefile 03-09-18 10:31AM 1549 putFileSFtp.sh
2018/04/09 10:25:49.956004664 the file  [busilist_*.xml] is not exists
2
/home/fczx/src/IIImete/log/getFserStas.log
---------busilist_.{0,}\.xml--------

---------ftp para begine--------
----ftpIP     =[192.168.0.154]
----ftpUser   =[Administrator]
----ftpPwd    =[qwer1234]
----ftpRdir   =[/tmp]
----ftpLdir   =[/home/fczx/src/IIImete/filedo/down/ser1]
----fileName  =[busilist_*.xml]
----ftpCtrPNum=[21]
---------ftp para end----------

----
Local directory now /home/fczx/src/IIImete/filedo/down/ser1 05-07-16 11:36AM 290455552 227_m 05-05-10 11:17AM 46760316 44_5m 04-08-18 04:12PM 9712607 FeiQ.zip 07-24-17 07:32PM 760 health20170722.xml 08-02-17 03:10PM <DIR> his 08-08-17 05:18PM 1408 intehealth20170720.xml 08-08-17 02:09PM 1181 intehealth20170808.xml 08-17-17 03:16PM 1447 intehealth20170817.xml 03-08-18 01:27PM 171089944 kk 08-03-17 04:51PM 225 Main20170803.log 06-22-17 01:41PM 1814 Makefile 03-09-18 10:31AM 1549 putFileSFtp.sh
----

Local directory now /home/fczx/src/IIImete/filedo/down/ser1 05-07-16 11:36AM 290455552 227_m 05-05-10 11:17AM 46760316 44_5m 04-08-18 04:12PM 9712607 FeiQ.zip 07-24-17 07:32PM 760 health20170722.xml 08-02-17 03:10PM <DIR> his 08-08-17 05:18PM 1408 intehealth20170720.xml 08-08-17 02:09PM 1181 intehealth20170808.xml 08-17-17 03:16PM 1447 intehealth20170817.xml 03-08-18 01:27PM 171089944 kk 08-03-17 04:51PM 225 Main20170803.log 06-22-17 01:41PM 1814 Makefile 03-09-18 10:31AM 1549 putFileSFtp.sh
2018/04/09 10:26:10.990622152 the file  [busilist_*.xml] is not exists
2
/home/fczx/src/IIImete/log/getFserStas.log
---------busilist_.{0,}\.xml--------

---------ftp para begine--------
----ftpIP     =[192.168.0.154]
----ftpUser   =[Administrator]
----ftpPwd    =[qwer1234]
----ftpRdir   =[/tmp]
----ftpLdir   =[/home/fczx/src/IIImete/filedo/down/ser1]
----fileName  =[busilist_*.xml]
----ftpCtrPNum=[21]
---------ftp para end----------

----
Local directory now /home/fczx/src/IIImete/filedo/down/ser1 05-07-16 11:36AM 290455552 227_m 05-05-10 11:17AM 46760316 44_5m 04-08-18 04:12PM 9712607 FeiQ.zip 07-24-17 07:32PM 760 health20170722.xml 08-02-17 03:10PM <DIR> his 08-08-17 05:18PM 1408 intehealth20170720.xml 08-08-17 02:09PM 1181 intehealth20170808.xml 08-17-17 03:16PM 1447 intehealth20170817.xml 03-08-18 01:27PM 171089944 kk 08-03-17 04:51PM 225 Main20170803.log 06-22-17 01:41PM 1814 Makefile 03-09-18 10:31AM 1549 putFileSFtp.sh
----

Local directory now /home/fczx/src/IIImete/filedo/down/ser1 05-07-16 11:36AM 290455552 227_m 05-05-10 11:17AM 46760316 44_5m 04-08-18 04:12PM 9712607 FeiQ.zip 07-24-17 07:32PM 760 health20170722.xml 08-02-17 03:10PM <DIR> his 08-08-17 05:18PM 1408 intehealth20170720.xml 08-08-17 02:09PM 1181 intehealth20170808.xml 08-17-17 03:16PM 1447 intehealth20170817.xml 03-08-18 01:27PM 171089944 kk 08-03-17 04:51PM 225 Main20170803.log 06-22-17 01:41PM 1814 Makefile 03-09-18 10:31AM 1549 putFileSFtp.sh
2018/04/09 10:26:32.250890149 the file  [busilist_*.xml] is not exists
2
/home/fczx/src/IIImete/log/getFserStas.log
---------busilist_.{0,}\.xml--------

---------ftp para begine--------
----ftpIP     =[192.168.0.154]
----ftpUser   =[Administrator]
----ftpPwd    =[qwer1234]
----ftpRdir   =[/tmp]
----ftpLdir   =[/home/fczx/src/IIImete/filedo/down/ser1]
----fileName  =[busilist_*.xml]
----ftpCtrPNum=[21]
---------ftp para end----------

----
Local directory now /home/fczx/src/IIImete/filedo/down/ser1 05-07-16 11:36AM 290455552 227_m 05-05-10 11:17AM 46760316 44_5m 04-08-18 04:12PM 9712607 FeiQ.zip 07-24-17 07:32PM 760 health20170722.xml 08-02-17 03:10PM <DIR> his 08-08-17 05:18PM 1408 intehealth20170720.xml 08-08-17 02:09PM 1181 intehealth20170808.xml 08-17-17 03:16PM 1447 intehealth20170817.xml 03-08-18 01:27PM 171089944 kk 08-03-17 04:51PM 225 Main20170803.log 06-22-17 01:41PM 1814 Makefile 03-09-18 10:31AM 1549 putFileSFtp.sh
----

Local directory now /home/fczx/src/IIImete/filedo/down/ser1 05-07-16 11:36AM 290455552 227_m 05-05-10 11:17AM 46760316 44_5m 04-08-18 04:12PM 9712607 FeiQ.zip 07-24-17 07:32PM 760 health20170722.xml 08-02-17 03:10PM <DIR> his 08-08-17 05:18PM 1408 intehealth20170720.xml 08-08-17 02:09PM 1181 intehealth20170808.xml 08-17-17 03:16PM 1447 intehealth20170817.xml 03-08-18 01:27PM 171089944 kk 08-03-17 04:51PM 225 Main20170803.log 06-22-17 01:41PM 1814 Makefile 03-09-18 10:31AM 1549 putFileSFtp.sh
2018/04/09 10:26:52.991810207 the file  [busilist_*.xml] is not exists
2
/home/fczx/src/IIImete/log/getFserStas.log
---------busilist_.{0,}\.xml--------

---------ftp para begine--------
----ftpIP     =[192.168.0.154]
----ftpUser   =[Administrator]
----ftpPwd    =[qwer1234]
----ftpRdir   =[/tmp]
----ftpLdir   =[/home/fczx/src/IIImete/filedo/down/ser1]
----fileName  =[busilist_*.xml]
----ftpCtrPNum=[21]
---------ftp para end----------

----
Local directory now /home/fczx/src/IIImete/filedo/down/ser1 05-07-16 11:36AM 290455552 227_m 05-05-10 11:17AM 46760316 44_5m 04-08-18 04:12PM 9712607 FeiQ.zip 07-24-17 07:32PM 760 health20170722.xml 08-02-17 03:10PM <DIR> his 08-08-17 05:18PM 1408 intehealth20170720.xml 08-08-17 02:09PM 1181 intehealth20170808.xml 08-17-17 03:16PM 1447 intehealth20170817.xml 03-08-18 01:27PM 171089944 kk 08-03-17 04:51PM 225 Main20170803.log 06-22-17 01:41PM 1814 Makefile 03-09-18 10:31AM 1549 putFileSFtp.sh
----

Local directory now /home/fczx/src/IIImete/filedo/down/ser1 05-07-16 11:36AM 290455552 227_m 05-05-10 11:17AM 46760316 44_5m 04-08-18 04:12PM 9712607 FeiQ.zip 07-24-17 07:32PM 760 health20170722.xml 08-02-17 03:10PM <DIR> his 08-08-17 05:18PM 1408 intehealth20170720.xml 08-08-17 02:09PM 1181 intehealth20170808.xml 08-17-17 03:16PM 1447 intehealth20170817.xml 03-08-18 01:27PM 171089944 kk 08-03-17 04:51PM 225 Main20170803.log 06-22-17 01:41PM 1814 Makefile 03-09-18 10:31AM 1549 putFileSFtp.sh
2018/04/09 10:27:14.056435919 the file  [busilist_*.xml] is not exists
2
/home/fczx/src/IIImete/log/getFserStas.log
---------busilist_.{0,}\.xml--------

---------ftp para begine--------
----ftpIP     =[192.168.0.154]
----ftpUser   =[Administrator]
----ftpPwd    =[qwer1234]
----ftpRdir   =[/tmp]
----ftpLdir   =[/home/fczx/src/IIImete/filedo/down/ser1]
----fileName  =[busilist_*.xml]
----ftpCtrPNum=[21]
---------ftp para end----------

----
Local directory now /home/fczx/src/IIImete/filedo/down/ser1 05-07-16 11:36AM 290455552 227_m 05-05-10 11:17AM 46760316 44_5m 04-08-18 04:12PM 9712607 FeiQ.zip 07-24-17 07:32PM 760 health20170722.xml 08-02-17 03:10PM <DIR> his 08-08-17 05:18PM 1408 intehealth20170720.xml 08-08-17 02:09PM 1181 intehealth20170808.xml 08-17-17 03:16PM 1447 intehealth20170817.xml 03-08-18 01:27PM 171089944 kk 08-03-17 04:51PM 225 Main20170803.log 06-22-17 01:41PM 1814 Makefile 03-09-18 10:31AM 1549 putFileSFtp.sh
----

Local directory now /home/fczx/src/IIImete/filedo/down/ser1 05-07-16 11:36AM 290455552 227_m 05-05-10 11:17AM 46760316 44_5m 04-08-18 04:12PM 9712607 FeiQ.zip 07-24-17 07:32PM 760 health20170722.xml 08-02-17 03:10PM <DIR> his 08-08-17 05:18PM 1408 intehealth20170720.xml 08-08-17 02:09PM 1181 intehealth20170808.xml 08-17-17 03:16PM 1447 intehealth20170817.xml 03-08-18 01:27PM 171089944 kk 08-03-17 04:51PM 225 Main20170803.log 06-22-17 01:41PM 1814 Makefile 03-09-18 10:31AM 1549 putFileSFtp.sh
2018/04/09 10:27:35.027665907 the file  [busilist_*.xml] is not exists
2
/home/fczx/src/IIImete/log/getFserStas.log
---------busilist_.{0,}\.xml--------

---------ftp para begine--------
----ftpIP     =[192.168.0.154]
----ftpUser   =[Administrator]
----ftpPwd    =[qwer1234]
----ftpRdir   =[/tmp]
----ftpLdir   =[/home/fczx/src/IIImete/filedo/down/ser1]
----fileName  =[busilist_*.xml]
----ftpCtrPNum=[21]
---------ftp para end----------

----
Local directory now /home/fczx/src/IIImete/filedo/down/ser1 05-07-16 11:36AM 290455552 227_m 05-05-10 11:17AM 46760316 44_5m 04-08-18 04:12PM 9712607 FeiQ.zip 07-24-17 07:32PM 760 health20170722.xml 08-02-17 03:10PM <DIR> his 08-08-17 05:18PM 1408 intehealth20170720.xml 08-08-17 02:09PM 1181 intehealth20170808.xml 08-17-17 03:16PM 1447 intehealth20170817.xml 03-08-18 01:27PM 171089944 kk 08-03-17 04:51PM 225 Main20170803.log 06-22-17 01:41PM 1814 Makefile 03-09-18 10:31AM 1549 putFileSFtp.sh
----

Local directory now /home/fczx/src/IIImete/filedo/down/ser1 05-07-16 11:36AM 290455552 227_m 05-05-10 11:17AM 46760316 44_5m 04-08-18 04:12PM 9712607 FeiQ.zip 07-24-17 07:32PM 760 health20170722.xml 08-02-17 03:10PM <DIR> his 08-08-17 05:18PM 1408 intehealth20170720.xml 08-08-17 02:09PM 1181 intehealth20170808.xml 08-17-17 03:16PM 1447 intehealth20170817.xml 03-08-18 01:27PM 171089944 kk 08-03-17 04:51PM 225 Main20170803.log 06-22-17 01:41PM 1814 Makefile 03-09-18 10:31AM 1549 putFileSFtp.sh
2018/04/09 10:27:56.110597589 the file  [busilist_*.xml] is not exists
2
/home/fczx/src/IIImete/log/getFserStas.log
---------busilist_.{0,}\.xml--------

---------ftp para begine--------
----ftpIP     =[192.168.0.154]
----ftpUser   =[Administrator]
----ftpPwd    =[qwer1234]
----ftpRdir   =[/tmp]
----ftpLdir   =[/home/fczx/src/IIImete/filedo/down/ser1]
----fileName  =[busilist_*.xml]
----ftpCtrPNum=[21]
---------ftp para end----------

----
Local directory now /home/fczx/src/IIImete/filedo/down/ser1 05-07-16 11:36AM 290455552 227_m 05-05-10 11:17AM 46760316 44_5m 04-08-18 04:12PM 9712607 FeiQ.zip 07-24-17 07:32PM 760 health20170722.xml 08-02-17 03:10PM <DIR> his 08-08-17 05:18PM 1408 intehealth20170720.xml 08-08-17 02:09PM 1181 intehealth20170808.xml 08-17-17 03:16PM 1447 intehealth20170817.xml 03-08-18 01:27PM 171089944 kk 08-03-17 04:51PM 225 Main20170803.log 06-22-17 01:41PM 1814 Makefile 03-09-18 10:31AM 1549 putFileSFtp.sh
----

Local directory now /home/fczx/src/IIImete/filedo/down/ser1 05-07-16 11:36AM 290455552 227_m 05-05-10 11:17AM 46760316 44_5m 04-08-18 04:12PM 9712607 FeiQ.zip 07-24-17 07:32PM 760 health20170722.xml 08-02-17 03:10PM <DIR> his 08-08-17 05:18PM 1408 intehealth20170720.xml 08-08-17 02:09PM 1181 intehealth20170808.xml 08-17-17 03:16PM 1447 intehealth20170817.xml 03-08-18 01:27PM 171089944 kk 08-03-17 04:51PM 225 Main20170803.log 06-22-17 01:41PM 1814 Makefile 03-09-18 10:31AM 1549 putFileSFtp.sh
2018/04/09 10:28:17.023420471 the file  [busilist_*.xml] is not exists
2
/home/fczx/src/IIImete/log/getFserStas.log
---------busilist_.{0,}\.xml--------

---------ftp para begine--------
----ftpIP     =[192.168.0.154]
----ftpUser   =[Administrator]
----ftpPwd    =[qwer1234]
----ftpRdir   =[/tmp]
----ftpLdir   =[/home/fczx/src/IIImete/filedo/down/ser1]
----fileName  =[busilist_*.xml]
----ftpCtrPNum=[21]
---------ftp para end----------

----
Local directory now /home/fczx/src/IIImete/filedo/down/ser1 05-07-16 11:36AM 290455552 227_m 05-05-10 11:17AM 46760316 44_5m 04-08-18 04:12PM 9712607 FeiQ.zip 07-24-17 07:32PM 760 health20170722.xml 08-02-17 03:10PM <DIR> his 08-08-17 05:18PM 1408 intehealth20170720.xml 08-08-17 02:09PM 1181 intehealth20170808.xml 08-17-17 03:16PM 1447 intehealth20170817.xml 03-08-18 01:27PM 171089944 kk 08-03-17 04:51PM 225 Main20170803.log 06-22-17 01:41PM 1814 Makefile 03-09-18 10:31AM 1549 putFileSFtp.sh
----

Local directory now /home/fczx/src/IIImete/filedo/down/ser1 05-07-16 11:36AM 290455552 227_m 05-05-10 11:17AM 46760316 44_5m 04-08-18 04:12PM 9712607 FeiQ.zip 07-24-17 07:32PM 760 health20170722.xml 08-02-17 03:10PM <DIR> his 08-08-17 05:18PM 1408 intehealth20170720.xml 08-08-17 02:09PM 1181 intehealth20170808.xml 08-17-17 03:16PM 1447 intehealth20170817.xml 03-08-18 01:27PM 171089944 kk 08-03-17 04:51PM 225 Main20170803.log 06-22-17 01:41PM 1814 Makefile 03-09-18 10:31AM 1549 putFileSFtp.sh
2018/04/09 10:28:38.068740773 the file  [busilist_*.xml] is not exists
2
/home/fczx/src/IIImete/log/getFserStas.log
---------busilist_.{0,}\.xml--------

---------ftp para begine--------
----ftpIP     =[192.168.0.154]
----ftpUser   =[Administrator]
----ftpPwd    =[qwer1234]
----ftpRdir   =[/tmp]
----ftpLdir   =[/home/fczx/src/IIImete/filedo/down/ser1]
----fileName  =[busilist_*.xml]
----ftpCtrPNum=[21]
---------ftp para end----------

----
Local directory now /home/fczx/src/IIImete/filedo/down/ser1 05-07-16 11:36AM 290455552 227_m 05-05-10 11:17AM 46760316 44_5m 04-08-18 04:12PM 9712607 FeiQ.zip 07-24-17 07:32PM 760 health20170722.xml 08-02-17 03:10PM <DIR> his 08-08-17 05:18PM 1408 intehealth20170720.xml 08-08-17 02:09PM 1181 intehealth20170808.xml 08-17-17 03:16PM 1447 intehealth20170817.xml 03-08-18 01:27PM 171089944 kk 08-03-17 04:51PM 225 Main20170803.log 06-22-17 01:41PM 1814 Makefile 03-09-18 10:31AM 1549 putFileSFtp.sh
----

Local directory now /home/fczx/src/IIImete/filedo/down/ser1 05-07-16 11:36AM 290455552 227_m 05-05-10 11:17AM 46760316 44_5m 04-08-18 04:12PM 9712607 FeiQ.zip 07-24-17 07:32PM 760 health20170722.xml 08-02-17 03:10PM <DIR> his 08-08-17 05:18PM 1408 intehealth20170720.xml 08-08-17 02:09PM 1181 intehealth20170808.xml 08-17-17 03:16PM 1447 intehealth20170817.xml 03-08-18 01:27PM 171089944 kk 08-03-17 04:51PM 225 Main20170803.log 06-22-17 01:41PM 1814 Makefile 03-09-18 10:31AM 1549 putFileSFtp.sh
2018/04/09 10:28:59.073713244 the file  [busilist_*.xml] is not exists
2
/home/fczx/src/IIImete/log/getFserStas.log
---------busilist_.{0,}\.xml--------

---------ftp para begine--------
----ftpIP     =[192.168.0.154]
----ftpUser   =[Administrator]
----ftpPwd    =[qwer1234]
----ftpRdir   =[/tmp]
----ftpLdir   =[/home/fczx/src/IIImete/filedo/down/ser1]
----fileName  =[busilist_*.xml]
----ftpCtrPNum=[21]
---------ftp para end----------

----
Local directory now /home/fczx/src/IIImete/filedo/down/ser1 05-07-16 11:36AM 290455552 227_m 05-05-10 11:17AM 46760316 44_5m 04-08-18 04:12PM 9712607 FeiQ.zip 07-24-17 07:32PM 760 health20170722.xml 08-02-17 03:10PM <DIR> his 08-08-17 05:18PM 1408 intehealth20170720.xml 08-08-17 02:09PM 1181 intehealth20170808.xml 08-17-17 03:16PM 1447 intehealth20170817.xml 03-08-18 01:27PM 171089944 kk 08-03-17 04:51PM 225 Main20170803.log 06-22-17 01:41PM 1814 Makefile 03-09-18 10:31AM 1549 putFileSFtp.sh
----

Local directory now /home/fczx/src/IIImete/filedo/down/ser1 05-07-16 11:36AM 290455552 227_m 05-05-10 11:17AM 46760316 44_5m 04-08-18 04:12PM 9712607 FeiQ.zip 07-24-17 07:32PM 760 health20170722.xml 08-02-17 03:10PM <DIR> his 08-08-17 05:18PM 1408 intehealth20170720.xml 08-08-17 02:09PM 1181 intehealth20170808.xml 08-17-17 03:16PM 1447 intehealth20170817.xml 03-08-18 01:27PM 171089944 kk 08-03-17 04:51PM 225 Main20170803.log 06-22-17 01:41PM 1814 Makefile 03-09-18 10:31AM 1549 putFileSFtp.sh
2018/04/09 10:29:20.176787455 the file  [busilist_*.xml] is not exists
2
/home/fczx/src/IIImete/log/getFserStas.log
---------busilist_.{0,}\.xml--------

---------ftp para begine--------
----ftpIP     =[192.168.0.154]
----ftpUser   =[Administrator]
----ftpPwd    =[qwer1234]
----ftpRdir   =[/tmp]
----ftpLdir   =[/home/fczx/src/IIImete/filedo/down/ser1]
----fileName  =[busilist_*.xml]
----ftpCtrPNum=[21]
---------ftp para end----------

----
Local directory now /home/fczx/src/IIImete/filedo/down/ser1 05-07-16 11:36AM 290455552 227_m 05-05-10 11:17AM 46760316 44_5m 04-08-18 04:12PM 9712607 FeiQ.zip 07-24-17 07:32PM 760 health20170722.xml 08-02-17 03:10PM <DIR> his 08-08-17 05:18PM 1408 intehealth20170720.xml 08-08-17 02:09PM 1181 intehealth20170808.xml 08-17-17 03:16PM 1447 intehealth20170817.xml 03-08-18 01:27PM 171089944 kk 08-03-17 04:51PM 225 Main20170803.log 06-22-17 01:41PM 1814 Makefile 03-09-18 10:31AM 1549 putFileSFtp.sh
----

Local directory now /home/fczx/src/IIImete/filedo/down/ser1 05-07-16 11:36AM 290455552 227_m 05-05-10 11:17AM 46760316 44_5m 04-08-18 04:12PM 9712607 FeiQ.zip 07-24-17 07:32PM 760 health20170722.xml 08-02-17 03:10PM <DIR> his 08-08-17 05:18PM 1408 intehealth20170720.xml 08-08-17 02:09PM 1181 intehealth20170808.xml 08-17-17 03:16PM 1447 intehealth20170817.xml 03-08-18 01:27PM 171089944 kk 08-03-17 04:51PM 225 Main20170803.log 06-22-17 01:41PM 1814 Makefile 03-09-18 10:31AM 1549 putFileSFtp.sh
2018/04/09 10:29:41.137484399 the file  [busilist_*.xml] is not exists
2
/home/fczx/src/IIImete/log/getFserStas.log
---------busilist_.{0,}\.xml--------

---------ftp para begine--------
----ftpIP     =[192.168.0.154]
----ftpUser   =[Administrator]
----ftpPwd    =[qwer1234]
----ftpRdir   =[/tmp]
----ftpLdir   =[/home/fczx/src/IIImete/filedo/down/ser1]
----fileName  =[busilist_*.xml]
----ftpCtrPNum=[21]
---------ftp para end----------

----
Local directory now /home/fczx/src/IIImete/filedo/down/ser1 05-07-16 11:36AM 290455552 227_m 05-05-10 11:17AM 46760316 44_5m 04-08-18 04:12PM 9712607 FeiQ.zip 07-24-17 07:32PM 760 health20170722.xml 08-02-17 03:10PM <DIR> his 08-08-17 05:18PM 1408 intehealth20170720.xml 08-08-17 02:09PM 1181 intehealth20170808.xml 08-17-17 03:16PM 1447 intehealth20170817.xml 03-08-18 01:27PM 171089944 kk 08-03-17 04:51PM 225 Main20170803.log 06-22-17 01:41PM 1814 Makefile 03-09-18 10:31AM 1549 putFileSFtp.sh
----

Local directory now /home/fczx/src/IIImete/filedo/down/ser1 05-07-16 11:36AM 290455552 227_m 05-05-10 11:17AM 46760316 44_5m 04-08-18 04:12PM 9712607 FeiQ.zip 07-24-17 07:32PM 760 health20170722.xml 08-02-17 03:10PM <DIR> his 08-08-17 05:18PM 1408 intehealth20170720.xml 08-08-17 02:09PM 1181 intehealth20170808.xml 08-17-17 03:16PM 1447 intehealth20170817.xml 03-08-18 01:27PM 171089944 kk 08-03-17 04:51PM 225 Main20170803.log 06-22-17 01:41PM 1814 Makefile 03-09-18 10:31AM 1549 putFileSFtp.sh
2018/04/09 10:30:02.276126876 the file  [busilist_*.xml] is not exists
NOWPSSHNUM=[1]
shDebugFlag=[5]>>/home/fczx/src/IIImete/log/getFserStas.log
    echo logFile=[/home/fczx/src/IIImete/log/getFserStas.log]
fileNameTmp=[busilist_.{0,}\.xml]--------

---------ftp para begine--------
----ftpIP     =[192.168.0.154]
----ftpUser   =[Administrator]
----ftpPwd    =[qwer1234]
----ftpRdir   =[/tmp]
----ftpLdir   =[/home/fczx/src/IIImete/filedo/down/ser1]
----fileName  =[busilist_*.xml]
----ftpCtrPNum=[21]
---------ftp para end----------


Local directory now /home/fczx/src/IIImete/filedo/down/ser1 05-07-16 11:36AM 290455552 227_m 05-05-10 11:17AM 46760316 44_5m 04-08-18 04:12PM 9712607 FeiQ.zip 07-24-17 07:32PM 760 health20170722.xml 08-02-17 03:10PM <DIR> his 08-08-17 05:18PM 1408 intehealth20170720.xml 08-08-17 02:09PM 1181 intehealth20170808.xml 08-17-17 03:16PM 1447 intehealth20170817.xml 03-08-18 01:27PM 171089944 kk 08-03-17 04:51PM 225 Main20170803.log 06-22-17 01:41PM 1814 Makefile 03-09-18 10:31AM 1549 putFileSFtp.sh
2018/04/09 10:43:20.899069362 the file  [busilist_*.xml] is not exists
NOWPSSHNUM=[1]
shDebugFlag=[5]>>/home/fczx/src/IIImete/log/getFserStas.log
    echo logFile=[/home/fczx/src/IIImete/log/getFserStas.log]
fileNameTmp=[busilist_.{0,}\.xml]--------

---------ftp para begine--------
----ftpIP     =[192.168.0.154]
----ftpUser   =[Administrator]
----ftpPwd    =[qwer1234]
----ftpRdir   =[/tmp]
----ftpLdir   =[/home/fczx/src/IIImete/filedo/down/ser1]
----fileName  =[busilist_*.xml]
----ftpCtrPNum=[21]
---------ftp para end----------


Local directory now /home/fczx/src/IIImete/filedo/down/ser1 05-07-16 11:36AM 290455552 227_m 05-05-10 11:17AM 46760316 44_5m 04-08-18 04:12PM 9712607 FeiQ.zip 07-24-17 07:32PM 760 health20170722.xml 08-02-17 03:10PM <DIR> his 08-08-17 05:18PM 1408 intehealth20170720.xml 08-08-17 02:09PM 1181 intehealth20170808.xml 08-17-17 03:16PM 1447 intehealth20170817.xml 03-08-18 01:27PM 171089944 kk 08-03-17 04:51PM 225 Main20170803.log 06-22-17 01:41PM 1814 Makefile 03-09-18 10:31AM 1549 putFileSFtp.sh
2018/04/09 10:43:41.789362274 the file  [busilist_*.xml] is not exists
NOWPSSHNUM=[1]
shDebugFlag=[5]>>/home/fczx/src/IIImete/log/getFserStas.log
    echo logFile=[/home/fczx/src/IIImete/log/getFserStas.log]
fileNameTmp=[busilist_.{0,}\.xml]--------

---------ftp para begine--------
----ftpIP     =[192.168.0.154]
----ftpUser   =[Administrator]
----ftpPwd    =[qwer1234]
----ftpRdir   =[/tmp]
----ftpLdir   =[/home/fczx/src/IIImete/filedo/down/ser1]
----fileName  =[busilist_*.xml]
----ftpCtrPNum=[21]
---------ftp para end----------


Local directory now /home/fczx/src/IIImete/filedo/down/ser1 05-07-16 11:36AM 290455552 227_m 05-05-10 11:17AM 46760316 44_5m 04-08-18 04:12PM 9712607 FeiQ.zip 07-24-17 07:32PM 760 health20170722.xml 08-02-17 03:10PM <DIR> his 08-08-17 05:18PM 1408 intehealth20170720.xml 08-08-17 02:09PM 1181 intehealth20170808.xml 08-17-17 03:16PM 1447 intehealth20170817.xml 03-08-18 01:27PM 171089944 kk 08-03-17 04:51PM 225 Main20170803.log 06-22-17 01:41PM 1814 Makefile 03-09-18 10:31AM 1549 putFileSFtp.sh
2018/04/09 10:44:02.829928679 the file  [busilist_*.xml] is not exists
NOWPSSHNUM=[1]
shDebugFlag=[5]>>/home/fczx/src/IIImete/log/getFserStas.log
    echo logFile=[/home/fczx/src/IIImete/log/getFserStas.log]
fileNameTmp=[busilist_.{0,}\.xml]--------

---------ftp para begine--------
----ftpIP     =[192.168.0.154]
----ftpUser   =[Administrator]
----ftpPwd    =[qwer1234]
----ftpRdir   =[/tmp]
----ftpLdir   =[/home/fczx/src/IIImete/filedo/down/ser1]
----fileName  =[busilist_*.xml]
----ftpCtrPNum=[21]
---------ftp para end----------


Local directory now /home/fczx/src/IIImete/filedo/down/ser1 05-07-16 11:36AM 290455552 227_m 05-05-10 11:17AM 46760316 44_5m 04-08-18 04:12PM 9712607 FeiQ.zip 07-24-17 07:32PM 760 health20170722.xml 08-02-17 03:10PM <DIR> his 08-08-17 05:18PM 1408 intehealth20170720.xml 08-08-17 02:09PM 1181 intehealth20170808.xml 08-17-17 03:16PM 1447 intehealth20170817.xml 03-08-18 01:27PM 171089944 kk 08-03-17 04:51PM 225 Main20170803.log 06-22-17 01:41PM 1814 Makefile 03-09-18 10:31AM 1549 putFileSFtp.sh
2018/04/09 10:44:23.952316563 the file  [busilist_*.xml] is not exists
NOWPSSHNUM=[1]
shDebugFlag=[5]
logFile=[/home/fczx/src/IIImete/log/getFserStas.log]
fileNameTmp=[busilist_.{0,}\.xml]--------

---------ftp para begine--------
----ftpIP     =[192.168.0.154]
----ftpUser   =[Administrator]
----ftpPwd    =[qwer1234]
----ftpRdir   =[/tmp]
----ftpLdir   =[/home/fczx/src/IIImete/filedo/down/ser1]
----fileName  =[busilist_*.xml]
----ftpCtrPNum=[21]
---------ftp para end----------


Local directory now /home/fczx/src/IIImete/filedo/down/ser1 05-07-16 11:36AM 290455552 227_m 05-05-10 11:17AM 46760316 44_5m 04-08-18 04:12PM 9712607 FeiQ.zip 07-24-17 07:32PM 760 health20170722.xml 08-02-17 03:10PM <DIR> his 08-08-17 05:18PM 1408 intehealth20170720.xml 08-08-17 02:09PM 1181 intehealth20170808.xml 08-17-17 03:16PM 1447 intehealth20170817.xml 03-08-18 01:27PM 171089944 kk 08-03-17 04:51PM 225 Main20170803.log 06-22-17 01:41PM 1814 Makefile 03-09-18 10:31AM 1549 putFileSFtp.sh
2018/04/09 10:44:44.815489355 the file  [busilist_*.xml] is not exists
NOWPSSHNUM=[1]
shDebugFlag=[5]
logFile=[/home/fczx/src/IIImete/log/getFserStas.log]
fileNameTmp=[busilist_.{0,}\.xml]--------

---------ftp para begine--------
----ftpIP     =[192.168.0.154]
----ftpUser   =[Administrator]
----ftpPwd    =[qwer1234]
----ftpRdir   =[/tmp]
----ftpLdir   =[/home/fczx/src/IIImete/filedo/down/ser1]
----fileName  =[busilist_*.xml]
----ftpCtrPNum=[21]
---------ftp para end----------


Local directory now /home/fczx/src/IIImete/filedo/down/ser1 05-07-16 11:36AM 290455552 227_m 05-05-10 11:17AM 46760316 44_5m 04-08-18 04:12PM 9712607 FeiQ.zip 07-24-17 07:32PM 760 health20170722.xml 08-02-17 03:10PM <DIR> his 08-08-17 05:18PM 1408 intehealth20170720.xml 08-08-17 02:09PM 1181 intehealth20170808.xml 08-17-17 03:16PM 1447 intehealth20170817.xml 03-08-18 01:27PM 171089944 kk 08-03-17 04:51PM 225 Main20170803.log 06-22-17 01:41PM 1814 Makefile 03-09-18 10:31AM 1549 putFileSFtp.sh
2018/04/09 10:45:05.823495236 the file  [busilist_*.xml] is not exists
NOWPSSHNUM=[1]
shDebugFlag=[5]
logFile=[/home/fczx/src/IIImete/log/getFserStas.log]
fileNameTmp=[busilist_.{0,}\.xml]--------

---------ftp para begine--------
----ftpIP     =[192.168.0.154]
----ftpUser   =[Administrator]
----ftpPwd    =[qwer1234]
----ftpRdir   =[/tmp]
----ftpLdir   =[/home/fczx/src/IIImete/filedo/down/ser1]
----fileName  =[busilist_*.xml]
----ftpCtrPNum=[21]
---------ftp para end----------


Local directory now /home/fczx/src/IIImete/filedo/down/ser1 05-07-16 11:36AM 290455552 227_m 05-05-10 11:17AM 46760316 44_5m 04-08-18 04:12PM 9712607 FeiQ.zip 07-24-17 07:32PM 760 health20170722.xml 08-02-17 03:10PM <DIR> his 08-08-17 05:18PM 1408 intehealth20170720.xml 08-08-17 02:09PM 1181 intehealth20170808.xml 08-17-17 03:16PM 1447 intehealth20170817.xml 03-08-18 01:27PM 171089944 kk 08-03-17 04:51PM 225 Main20170803.log 06-22-17 01:41PM 1814 Makefile 03-09-18 10:31AM 1549 putFileSFtp.sh
2018/04/09 10:45:26.833411503 the file  [busilist_*.xml] is not exists
NOWPSSHNUM=[1]
shDebugFlag=[5]
logFile=[/home/fczx/src/IIImete/log/getFserStas.log]
fileNameTmp=[busilist_.{0,}\.xml]--------

---------ftp para begine--------
----ftpIP     =[192.168.0.154]
----ftpUser   =[Administrator]
----ftpPwd    =[qwer1234]
----ftpRdir   =[/tmp]
----ftpLdir   =[/home/fczx/src/IIImete/filedo/down/ser1]
----fileName  =[busilist_*.xml]
----ftpCtrPNum=[21]
---------ftp para end----------


Local directory now /home/fczx/src/IIImete/filedo/down/ser1 05-07-16 11:36AM 290455552 227_m 05-05-10 11:17AM 46760316 44_5m 04-08-18 04:12PM 9712607 FeiQ.zip 07-24-17 07:32PM 760 health20170722.xml 08-02-17 03:10PM <DIR> his 08-08-17 05:18PM 1408 intehealth20170720.xml 08-08-17 02:09PM 1181 intehealth20170808.xml 08-17-17 03:16PM 1447 intehealth20170817.xml 03-08-18 01:27PM 171089944 kk 08-03-17 04:51PM 225 Main20170803.log 06-22-17 01:41PM 1814 Makefile 03-09-18 10:31AM 1549 putFileSFtp.sh
2018/04/09 10:45:47.900878982 the file  [busilist_*.xml] is not exists
NOWPSSHNUM=[1]
shDebugFlag=[5]
logFile=[/home/fczx/src/IIImete/log/getFserStas.log]
fileNameTmp=[busilist_.{0,}\.xml]--------

---------ftp para begine--------
----ftpIP     =[192.168.0.154]
----ftpUser   =[Administrator]
----ftpPwd    =[qwer1234]
----ftpRdir   =[/tmp]
----ftpLdir   =[/home/fczx/src/IIImete/filedo/down/ser1]
----fileName  =[busilist_*.xml]
----ftpCtrPNum=[21]
---------ftp para end----------


Local directory now /home/fczx/src/IIImete/filedo/down/ser1 05-07-16 11:36AM 290455552 227_m 05-05-10 11:17AM 46760316 44_5m 04-08-18 04:12PM 9712607 FeiQ.zip 07-24-17 07:32PM 760 health20170722.xml 08-02-17 03:10PM <DIR> his 08-08-17 05:18PM 1408 intehealth20170720.xml 08-08-17 02:09PM 1181 intehealth20170808.xml 08-17-17 03:16PM 1447 intehealth20170817.xml 03-08-18 01:27PM 171089944 kk 08-03-17 04:51PM 225 Main20170803.log 06-22-17 01:41PM 1814 Makefile 03-09-18 10:31AM 1549 putFileSFtp.sh
2018/04/09 10:46:08.959464697 the file  [busilist_*.xml] is not exists
NOWPSSHNUM=[1]
shDebugFlag=[5]
logFile=[/home/fczx/src/IIImete/log/getFserStas.log]
fileNameTmp=[busilist_.{0,}\.xml]--------

---------ftp para begine--------
----ftpIP     =[192.168.0.154]
----ftpUser   =[Administrator]
----ftpPwd    =[qwer1234]
----ftpRdir   =[/tmp]
----ftpLdir   =[/home/fczx/src/IIImete/filedo/down/ser1]
----fileName  =[busilist_*.xml]
----ftpCtrPNum=[21]
---------ftp para end----------


Local directory now /home/fczx/src/IIImete/filedo/down/ser1 05-07-16 11:36AM 290455552 227_m 05-05-10 11:17AM 46760316 44_5m 04-08-18 04:12PM 9712607 FeiQ.zip 07-24-17 07:32PM 760 health20170722.xml 08-02-17 03:10PM <DIR> his 08-08-17 05:18PM 1408 intehealth20170720.xml 08-08-17 02:09PM 1181 intehealth20170808.xml 08-17-17 03:16PM 1447 intehealth20170817.xml 03-08-18 01:27PM 171089944 kk 08-03-17 04:51PM 225 Main20170803.log 06-22-17 01:41PM 1814 Makefile 03-09-18 10:31AM 1549 putFileSFtp.sh
2018/04/09 10:46:29.816194127 the file  [busilist_*.xml] is not exists
NOWPSSHNUM=[1]
shDebugFlag=[5]
logFile=[/home/fczx/src/IIImete/log/getFserStas.log]
fileNameTmp=[busilist_.{0,}\.xml]--------

---------ftp para begine--------
----ftpIP     =[192.168.0.154]
----ftpUser   =[Administrator]
----ftpPwd    =[qwer1234]
----ftpRdir   =[/tmp]
----ftpLdir   =[/home/fczx/src/IIImete/filedo/down/ser1]
----fileName  =[busilist_*.xml]
----ftpCtrPNum=[21]
---------ftp para end----------


Local directory now /home/fczx/src/IIImete/filedo/down/ser1 05-07-16 11:36AM 290455552 227_m 05-05-10 11:17AM 46760316 44_5m 04-08-18 04:12PM 9712607 FeiQ.zip 07-24-17 07:32PM 760 health20170722.xml 08-02-17 03:10PM <DIR> his 08-08-17 05:18PM 1408 intehealth20170720.xml 08-08-17 02:09PM 1181 intehealth20170808.xml 08-17-17 03:16PM 1447 intehealth20170817.xml 03-08-18 01:27PM 171089944 kk 08-03-17 04:51PM 225 Main20170803.log 06-22-17 01:41PM 1814 Makefile 03-09-18 10:31AM 1549 putFileSFtp.sh
2018/04/09 10:46:51.005703299 the file  [busilist_*.xml] is not exists
NOWPSSHNUM=[1]
shDebugFlag=[5]
logFile=[/home/fczx/src/IIImete/log/getFserStas.log]
fileNameTmp=[busilist_.{0,}\.xml]--------

---------ftp para begine--------
----ftpIP     =[192.168.0.154]
----ftpUser   =[Administrator]
----ftpPwd    =[qwer1234]
----ftpRdir   =[/tmp]
----ftpLdir   =[/home/fczx/src/IIImete/filedo/down/ser1]
----fileName  =[busilist_*.xml]
----ftpCtrPNum=[21]
---------ftp para end----------


Local directory now /home/fczx/src/IIImete/filedo/down/ser1 05-07-16 11:36AM 290455552 227_m 05-05-10 11:17AM 46760316 44_5m 04-08-18 04:12PM 9712607 FeiQ.zip 07-24-17 07:32PM 760 health20170722.xml 08-02-17 03:10PM <DIR> his 08-08-17 05:18PM 1408 intehealth20170720.xml 08-08-17 02:09PM 1181 intehealth20170808.xml 08-17-17 03:16PM 1447 intehealth20170817.xml 03-08-18 01:27PM 171089944 kk 08-03-17 04:51PM 225 Main20170803.log 06-22-17 01:41PM 1814 Makefile 03-09-18 10:31AM 1549 putFileSFtp.sh
2018/04/09 10:47:11.909633352 the file  [busilist_*.xml] is not exists
NOWPSSHNUM=[1]
shDebugFlag=[5]
logFile=[/home/fczx/src/IIImete/log/getFserStas.log]
fileNameTmp=[busilist_.{0,}\.xml]--------

---------ftp para begine--------
----ftpIP     =[192.168.0.154]
----ftpUser   =[Administrator]
----ftpPwd    =[qwer1234]
----ftpRdir   =[/tmp]
----ftpLdir   =[/home/fczx/src/IIImete/filedo/down/ser1]
----fileName  =[busilist_*.xml]
----ftpCtrPNum=[21]
---------ftp para end----------


Local directory now /home/fczx/src/IIImete/filedo/down/ser1 05-07-16 11:36AM 290455552 227_m 05-05-10 11:17AM 46760316 44_5m 04-08-18 04:12PM 9712607 FeiQ.zip 07-24-17 07:32PM 760 health20170722.xml 08-02-17 03:10PM <DIR> his 08-08-17 05:18PM 1408 intehealth20170720.xml 08-08-17 02:09PM 1181 intehealth20170808.xml 08-17-17 03:16PM 1447 intehealth20170817.xml 03-08-18 01:27PM 171089944 kk 08-03-17 04:51PM 225 Main20170803.log 06-22-17 01:41PM 1814 Makefile 03-09-18 10:31AM 1549 putFileSFtp.sh
2018/04/09 10:47:32.910252337 the file  [busilist_*.xml] is not exists
NOWPSSHNUM=[1]
shDebugFlag=[5]
logFile=[/home/fczx/src/IIImete/log/getFserStas.log]
fileNameTmp=[busilist_.{0,}\.xml]--------

---------ftp para begine--------
----ftpIP     =[192.168.0.154]
----ftpUser   =[Administrator]
----ftpPwd    =[qwer1234]
----ftpRdir   =[/tmp]
----ftpLdir   =[/home/fczx/src/IIImete/filedo/down/ser1]
----fileName  =[busilist_*.xml]
----ftpCtrPNum=[21]
---------ftp para end----------


Local directory now /home/fczx/src/IIImete/filedo/down/ser1 05-07-16 11:36AM 290455552 227_m 05-05-10 11:17AM 46760316 44_5m 04-08-18 04:12PM 9712607 FeiQ.zip 07-24-17 07:32PM 760 health20170722.xml 08-02-17 03:10PM <DIR> his 08-08-17 05:18PM 1408 intehealth20170720.xml 08-08-17 02:09PM 1181 intehealth20170808.xml 08-17-17 03:16PM 1447 intehealth20170817.xml 03-08-18 01:27PM 171089944 kk 08-03-17 04:51PM 225 Main20170803.log 06-22-17 01:41PM 1814 Makefile 03-09-18 10:31AM 1549 putFileSFtp.sh
2018/04/09 10:47:53.901116649 the file  [busilist_*.xml] is not exists
NOWPSSHNUM=[1]
shDebugFlag=[5]
logFile=[/home/fczx/src/IIImete/log/getFserStas.log]
fileNameTmp=[busilist_.{0,}\.xml]--------

---------ftp para begine--------
----ftpIP     =[192.168.0.154]
----ftpUser   =[Administrator]
----ftpPwd    =[qwer1234]
----ftpRdir   =[/tmp]
----ftpLdir   =[/home/fczx/src/IIImete/filedo/down/ser1]
----fileName  =[busilist_*.xml]
----ftpCtrPNum=[21]
---------ftp para end----------


Local directory now /home/fczx/src/IIImete/filedo/down/ser1 05-07-16 11:36AM 290455552 227_m 05-05-10 11:17AM 46760316 44_5m 04-08-18 04:12PM 9712607 FeiQ.zip 07-24-17 07:32PM 760 health20170722.xml 08-02-17 03:10PM <DIR> his 08-08-17 05:18PM 1408 intehealth20170720.xml 08-08-17 02:09PM 1181 intehealth20170808.xml 08-17-17 03:16PM 1447 intehealth20170817.xml 03-08-18 01:27PM 171089944 kk 08-03-17 04:51PM 225 Main20170803.log 06-22-17 01:41PM 1814 Makefile 03-09-18 10:31AM 1549 putFileSFtp.sh
2018/04/09 10:48:14.918457081 the file  [busilist_*.xml] is not exists
NOWPSSHNUM=[1]
shDebugFlag=[5]
logFile=[/home/fczx/src/IIImete/log/getFserStas.log]
fileNameTmp=[busilist_.{0,}\.xml]--------

---------ftp para begine--------
----ftpIP     =[192.168.0.154]
----ftpUser   =[Administrator]
----ftpPwd    =[qwer1234]
----ftpRdir   =[/tmp]
----ftpLdir   =[/home/fczx/src/IIImete/filedo/down/ser1]
----fileName  =[busilist_*.xml]
----ftpCtrPNum=[21]
---------ftp para end----------


Local directory now /home/fczx/src/IIImete/filedo/down/ser1 05-07-16 11:36AM 290455552 227_m 05-05-10 11:17AM 46760316 44_5m 04-08-18 04:12PM 9712607 FeiQ.zip 07-24-17 07:32PM 760 health20170722.xml 08-02-17 03:10PM <DIR> his 08-08-17 05:18PM 1408 intehealth20170720.xml 08-08-17 02:09PM 1181 intehealth20170808.xml 08-17-17 03:16PM 1447 intehealth20170817.xml 03-08-18 01:27PM 171089944 kk 08-03-17 04:51PM 225 Main20170803.log 06-22-17 01:41PM 1814 Makefile 03-09-18 10:31AM 1549 putFileSFtp.sh
2018/04/09 10:48:35.905162402 the file  [busilist_*.xml] is not exists
NOWPSSHNUM=[1]
shDebugFlag=[5]
logFile=[/home/fczx/src/IIImete/log/getFserStas.log]
fileNameTmp=[busilist_.{0,}\.xml]--------

---------ftp para begine--------
----ftpIP     =[192.168.0.154]
----ftpUser   =[Administrator]
----ftpPwd    =[qwer1234]
----ftpRdir   =[/tmp]
----ftpLdir   =[/home/fczx/src/IIImete/filedo/down/ser1]
----fileName  =[busilist_*.xml]
----ftpCtrPNum=[21]
---------ftp para end----------


Local directory now /home/fczx/src/IIImete/filedo/down/ser1 05-07-16 11:36AM 290455552 227_m 05-05-10 11:17AM 46760316 44_5m 04-08-18 04:12PM 9712607 FeiQ.zip 07-24-17 07:32PM 760 health20170722.xml 08-02-17 03:10PM <DIR> his 08-08-17 05:18PM 1408 intehealth20170720.xml 08-08-17 02:09PM 1181 intehealth20170808.xml 08-17-17 03:16PM 1447 intehealth20170817.xml 03-08-18 01:27PM 171089944 kk 08-03-17 04:51PM 225 Main20170803.log 06-22-17 01:41PM 1814 Makefile 03-09-18 10:31AM 1549 putFileSFtp.sh
2018/04/09 10:48:56.947008299 the file  [busilist_*.xml] is not exists
NOWPSSHNUM=[1]
shDebugFlag=[5]
logFile=[/home/fczx/src/IIImete/log/getFserStas.log]
fileNameTmp=[busilist_.{0,}\.xml]--------

---------ftp para begine--------
----ftpIP     =[192.168.0.154]
----ftpUser   =[Administrator]
----ftpPwd    =[qwer1234]
----ftpRdir   =[/tmp]
----ftpLdir   =[/home/fczx/src/IIImete/filedo/down/ser1]
----fileName  =[busilist_*.xml]
----ftpCtrPNum=[21]
---------ftp para end----------


Local directory now /home/fczx/src/IIImete/filedo/down/ser1 05-07-16 11:36AM 290455552 227_m 05-05-10 11:17AM 46760316 44_5m 04-08-18 04:12PM 9712607 FeiQ.zip 07-24-17 07:32PM 760 health20170722.xml 08-02-17 03:10PM <DIR> his 08-08-17 05:18PM 1408 intehealth20170720.xml 08-08-17 02:09PM 1181 intehealth20170808.xml 08-17-17 03:16PM 1447 intehealth20170817.xml 03-08-18 01:27PM 171089944 kk 08-03-17 04:51PM 225 Main20170803.log 06-22-17 01:41PM 1814 Makefile 03-09-18 10:31AM 1549 putFileSFtp.sh
2018/04/09 10:49:17.992505472 the file  [busilist_*.xml] is not exists
NOWPSSHNUM=[1]
shDebugFlag=[5]
logFile=[/home/fczx/src/IIImete/log/getFserStas.log]
fileNameTmp=[busilist_.{0,}\.xml]--------

---------ftp para begine--------
----ftpIP     =[192.168.0.154]
----ftpUser   =[Administrator]
----ftpPwd    =[qwer1234]
----ftpRdir   =[/tmp]
----ftpLdir   =[/home/fczx/src/IIImete/filedo/down/ser1]
----fileName  =[busilist_*.xml]
----ftpCtrPNum=[21]
---------ftp para end----------


Local directory now /home/fczx/src/IIImete/filedo/down/ser1 05-07-16 11:36AM 290455552 227_m 05-05-10 11:17AM 46760316 44_5m 04-08-18 04:12PM 9712607 FeiQ.zip 07-24-17 07:32PM 760 health20170722.xml 08-02-17 03:10PM <DIR> his 08-08-17 05:18PM 1408 intehealth20170720.xml 08-08-17 02:09PM 1181 intehealth20170808.xml 08-17-17 03:16PM 1447 intehealth20170817.xml 03-08-18 01:27PM 171089944 kk 08-03-17 04:51PM 225 Main20170803.log 06-22-17 01:41PM 1814 Makefile 03-09-18 10:31AM 1549 putFileSFtp.sh
2018/04/09 10:49:38.954565335 the file  [busilist_*.xml] is not exists
NOWPSSHNUM=[1]
shDebugFlag=[5]
logFile=[/home/fczx/src/IIImete/log/getFserStas.log]
fileNameTmp=[busilist_.{0,}\.xml]--------

---------ftp para begine--------
----ftpIP     =[192.168.0.154]
----ftpUser   =[Administrator]
----ftpPwd    =[qwer1234]
----ftpRdir   =[/tmp]
----ftpLdir   =[/home/fczx/src/IIImete/filedo/down/ser1]
----fileName  =[busilist_*.xml]
----ftpCtrPNum=[21]
---------ftp para end----------


Local directory now /home/fczx/src/IIImete/filedo/down/ser1 05-07-16 11:36AM 290455552 227_m 05-05-10 11:17AM 46760316 44_5m 04-08-18 04:12PM 9712607 FeiQ.zip 07-24-17 07:32PM 760 health20170722.xml 08-02-17 03:10PM <DIR> his 08-08-17 05:18PM 1408 intehealth20170720.xml 08-08-17 02:09PM 1181 intehealth20170808.xml 08-17-17 03:16PM 1447 intehealth20170817.xml 03-08-18 01:27PM 171089944 kk 08-03-17 04:51PM 225 Main20170803.log 06-22-17 01:41PM 1814 Makefile 03-09-18 10:31AM 1549 putFileSFtp.sh
2018/04/09 10:49:59.953370545 the file  [busilist_*.xml] is not exists
NOWPSSHNUM=[1]
shDebugFlag=[5]
logFile=[/home/fczx/src/IIImete/log/getFserStas.log]
fileNameTmp=[busilist_.{0,}\.xml]--------

---------ftp para begine--------
----ftpIP     =[192.168.0.154]
----ftpUser   =[Administrator]
----ftpPwd    =[qwer1234]
----ftpRdir   =[/tmp]
----ftpLdir   =[/home/fczx/src/IIImete/filedo/down/ser1]
----fileName  =[busilist_*.xml]
----ftpCtrPNum=[21]
---------ftp para end----------


Local directory now /home/fczx/src/IIImete/filedo/down/ser1 05-07-16 11:36AM 290455552 227_m 05-05-10 11:17AM 46760316 44_5m 04-08-18 04:12PM 9712607 FeiQ.zip 07-24-17 07:32PM 760 health20170722.xml 08-02-17 03:10PM <DIR> his 08-08-17 05:18PM 1408 intehealth20170720.xml 08-08-17 02:09PM 1181 intehealth20170808.xml 08-17-17 03:16PM 1447 intehealth20170817.xml 03-08-18 01:27PM 171089944 kk 08-03-17 04:51PM 225 Main20170803.log 06-22-17 01:41PM 1814 Makefile 03-09-18 10:31AM 1549 putFileSFtp.sh
2018/04/09 10:50:21.010763487 the file  [busilist_*.xml] is not exists
NOWPSSHNUM=[1]
shDebugFlag=[5]
logFile=[/home/fczx/src/IIImete/log/getFserStas.log]
fileNameTmp=[busilist_.{0,}\.xml]--------

---------ftp para begine--------
----ftpIP     =[192.168.0.154]
----ftpUser   =[Administrator]
----ftpPwd    =[qwer1234]
----ftpRdir   =[/tmp]
----ftpLdir   =[/home/fczx/src/IIImete/filedo/down/ser1]
----fileName  =[busilist_*.xml]
----ftpCtrPNum=[21]
---------ftp para end----------


Local directory now /home/fczx/src/IIImete/filedo/down/ser1 05-07-16 11:36AM 290455552 227_m 05-05-10 11:17AM 46760316 44_5m 04-08-18 04:12PM 9712607 FeiQ.zip 07-24-17 07:32PM 760 health20170722.xml 08-02-17 03:10PM <DIR> his 08-08-17 05:18PM 1408 intehealth20170720.xml 08-08-17 02:09PM 1181 intehealth20170808.xml 08-17-17 03:16PM 1447 intehealth20170817.xml 03-08-18 01:27PM 171089944 kk 08-03-17 04:51PM 225 Main20170803.log 06-22-17 01:41PM 1814 Makefile 03-09-18 10:31AM 1549 putFileSFtp.sh
2018/04/09 10:50:41.988892747 the file  [busilist_*.xml] is not exists
NOWPSSHNUM=[1]
shDebugFlag=[5]
logFile=[/home/fczx/src/IIImete/log/getFserStas.log]
fileNameTmp=[busilist_.{0,}\.xml]--------

---------ftp para begine--------
----ftpIP     =[192.168.0.154]
----ftpUser   =[Administrator]
----ftpPwd    =[qwer1234]
----ftpRdir   =[/tmp]
----ftpLdir   =[/home/fczx/src/IIImete/filedo/down/ser1]
----fileName  =[busilist_*.xml]
----ftpCtrPNum=[21]
---------ftp para end----------


Local directory now /home/fczx/src/IIImete/filedo/down/ser1 05-07-16 11:36AM 290455552 227_m 05-05-10 11:17AM 46760316 44_5m 04-08-18 04:12PM 9712607 FeiQ.zip 07-24-17 07:32PM 760 health20170722.xml 08-02-17 03:10PM <DIR> his 08-08-17 05:18PM 1408 intehealth20170720.xml 08-08-17 02:09PM 1181 intehealth20170808.xml 08-17-17 03:16PM 1447 intehealth20170817.xml 03-08-18 01:27PM 171089944 kk 08-03-17 04:51PM 225 Main20170803.log 06-22-17 01:41PM 1814 Makefile 03-09-18 10:31AM 1549 putFileSFtp.sh
2018/04/09 10:51:03.138068954 the file  [busilist_*.xml] is not exists
NOWPSSHNUM=[1]
shDebugFlag=[5]
logFile=[/home/fczx/src/IIImete/log/getFserStas.log]
fileNameTmp=[busilist_.{0,}\.xml]--------

---------ftp para begine--------
----ftpIP     =[192.168.0.154]
----ftpUser   =[Administrator]
----ftpPwd    =[qwer1234]
----ftpRdir   =[/tmp]
----ftpLdir   =[/home/fczx/src/IIImete/filedo/down/ser1]
----fileName  =[busilist_*.xml]
----ftpCtrPNum=[21]
---------ftp para end----------


Local directory now /home/fczx/src/IIImete/filedo/down/ser1 05-07-16 11:36AM 290455552 227_m 05-05-10 11:17AM 46760316 44_5m 04-08-18 04:12PM 9712607 FeiQ.zip 07-24-17 07:32PM 760 health20170722.xml 08-02-17 03:10PM <DIR> his 08-08-17 05:18PM 1408 intehealth20170720.xml 08-08-17 02:09PM 1181 intehealth20170808.xml 08-17-17 03:16PM 1447 intehealth20170817.xml 03-08-18 01:27PM 171089944 kk 08-03-17 04:51PM 225 Main20170803.log 06-22-17 01:41PM 1814 Makefile 03-09-18 10:31AM 1549 putFileSFtp.sh
2018/04/09 10:51:24.108185002 the file  [busilist_*.xml] is not exists
NOWPSSHNUM=[1]
shDebugFlag=[5]
logFile=[/home/fczx/src/IIImete/log/getFserStas.log]
fileNameTmp=[busilist_.{0,}\.xml]--------

---------ftp para begine--------
----ftpIP     =[192.168.0.154]
----ftpUser   =[Administrator]
----ftpPwd    =[qwer1234]
----ftpRdir   =[/tmp]
----ftpLdir   =[/home/fczx/src/IIImete/filedo/down/ser1]
----fileName  =[busilist_*.xml]
----ftpCtrPNum=[21]
---------ftp para end----------


Local directory now /home/fczx/src/IIImete/filedo/down/ser1 05-07-16 11:36AM 290455552 227_m 05-05-10 11:17AM 46760316 44_5m 04-08-18 04:12PM 9712607 FeiQ.zip 07-24-17 07:32PM 760 health20170722.xml 08-02-17 03:10PM <DIR> his 08-08-17 05:18PM 1408 intehealth20170720.xml 08-08-17 02:09PM 1181 intehealth20170808.xml 08-17-17 03:16PM 1447 intehealth20170817.xml 03-08-18 01:27PM 171089944 kk 08-03-17 04:51PM 225 Main20170803.log 06-22-17 01:41PM 1814 Makefile 03-09-18 10:31AM 1549 putFileSFtp.sh
2018/04/09 10:51:45.170017626 the file  [busilist_*.xml] is not exists
NOWPSSHNUM=[1]
shDebugFlag=[5]
logFile=[/home/fczx/src/IIImete/log/getFserStas.log]
fileNameTmp=[busilist_.{0,}\.xml]--------

---------ftp para begine--------
----ftpIP     =[192.168.0.154]
----ftpUser   =[Administrator]
----ftpPwd    =[qwer1234]
----ftpRdir   =[/tmp]
----ftpLdir   =[/home/fczx/src/IIImete/filedo/down/ser1]
----fileName  =[busilist_*.xml]
----ftpCtrPNum=[21]
---------ftp para end----------

ftpRet=[21]

Local directory now /home/fczx/src/IIImete/filedo/down/ser1 05-07-16 11:36AM 290455552 227_m 05-05-10 11:17AM 46760316 44_5m 04-08-18 04:12PM 9712607 FeiQ.zip 07-24-17 07:32PM 760 health20170722.xml 08-02-17 03:10PM <DIR> his 08-08-17 05:18PM 1408 intehealth20170720.xml 08-08-17 02:09PM 1181 intehealth20170808.xml 08-17-17 03:16PM 1447 intehealth20170817.xml 03-08-18 01:27PM 171089944 kk 08-03-17 04:51PM 225 Main20170803.log 06-22-17 01:41PM 1814 Makefile 03-09-18 10:31AM 1549 putFileSFtp.sh
2018/04/09 10:52:06.252603563 the file  [busilist_*.xml] is not exists
NOWPSSHNUM=[1]
shDebugFlag=[5]
logFile=[/home/fczx/src/IIImete/log/getFserStas.log]
fileNameTmp=[busilist_.{0,}\.xml]--------

---------ftp para begine--------
----ftpIP     =[192.168.0.154]
----ftpUser   =[Administrator]
----ftpPwd    =[qwer1234]
----ftpRdir   =[/tmp]
----ftpLdir   =[/home/fczx/src/IIImete/filedo/down/ser1]
----fileName  =[busilist_*.xml]
----ftpCtrPNum=[21]
---------ftp para end----------

ftpRet=[Local directory now /home/fczx/src/IIImete/filedo/down/ser1
05-07-16 11:36AM 290455552 227_m
05-05-10 11:17AM 46760316 44_5m
04-08-18 04:12PM 9712607 FeiQ.zip
07-24-17 07:32PM 760 health20170722.xml
08-02-17 03:10PM <DIR> his
08-08-17 05:18PM 1408 intehealth20170720.xml
08-08-17 02:09PM 1181 intehealth20170808.xml
08-17-17 03:16PM 1447 intehealth20170817.xml
03-08-18 01:27PM 171089944 kk
08-03-17 04:51PM 225 Main20170803.log
06-22-17 01:41PM 1814 Makefile
03-09-18 10:31AM 1549 putFileSFtp.sh]

Local directory now /home/fczx/src/IIImete/filedo/down/ser1 05-07-16 11:36AM 290455552 227_m 05-05-10 11:17AM 46760316 44_5m 04-08-18 04:12PM 9712607 FeiQ.zip 07-24-17 07:32PM 760 health20170722.xml 08-02-17 03:10PM <DIR> his 08-08-17 05:18PM 1408 intehealth20170720.xml 08-08-17 02:09PM 1181 intehealth20170808.xml 08-17-17 03:16PM 1447 intehealth20170817.xml 03-08-18 01:27PM 171089944 kk 08-03-17 04:51PM 225 Main20170803.log 06-22-17 01:41PM 1814 Makefile 03-09-18 10:31AM 1549 putFileSFtp.sh
2018/04/09 10:52:27.287764853 the file  [busilist_*.xml] is not exists
NOWPSSHNUM=[1]
shDebugFlag=[5]
logFile=[/home/fczx/src/IIImete/log/getFserStas.log]
fileNameTmp=[busilist_.{0,}\.xml]--------

---------ftp para begine--------
----ftpIP     =[192.168.0.154]
----ftpUser   =[Administrator]
----ftpPwd    =[qwer1234]
----ftpRdir   =[/tmp]
----ftpLdir   =[/home/fczx/src/IIImete/filedo/down/ser1]
----fileName  =[busilist_*.xml]
----ftpCtrPNum=[21]
---------ftp para end----------

ftpRet=[Local directory now /home/fczx/src/IIImete/filedo/down/ser1
05-07-16 11:36AM 290455552 227_m
05-05-10 11:17AM 46760316 44_5m
04-08-18 04:12PM 9712607 FeiQ.zip
07-24-17 07:32PM 760 health20170722.xml
08-02-17 03:10PM <DIR> his
08-08-17 05:18PM 1408 intehealth20170720.xml
08-08-17 02:09PM 1181 intehealth20170808.xml
08-17-17 03:16PM 1447 intehealth20170817.xml
03-08-18 01:27PM 171089944 kk
08-03-17 04:51PM 225 Main20170803.log
06-22-17 01:41PM 1814 Makefile
03-09-18 10:31AM 1549 putFileSFtp.sh]

Local directory now /home/fczx/src/IIImete/filedo/down/ser1 05-07-16 11:36AM 290455552 227_m 05-05-10 11:17AM 46760316 44_5m 04-08-18 04:12PM 9712607 FeiQ.zip 07-24-17 07:32PM 760 health20170722.xml 08-02-17 03:10PM <DIR> his 08-08-17 05:18PM 1408 intehealth20170720.xml 08-08-17 02:09PM 1181 intehealth20170808.xml 08-17-17 03:16PM 1447 intehealth20170817.xml 03-08-18 01:27PM 171089944 kk 08-03-17 04:51PM 225 Main20170803.log 06-22-17 01:41PM 1814 Makefile 03-09-18 10:31AM 1549 putFileSFtp.sh
2018/04/09 10:52:48.247758592 the file  [busilist_*.xml] is not exists
NOWPSSHNUM=[1]
shDebugFlag=[5]
logFile=[/home/fczx/src/IIImete/log/getFserStas.log]
fileNameTmp=[busilist_.{0,}\.xml]--------

---------ftp para begine--------
----ftpIP     =[192.168.0.154]
----ftpUser   =[Administrator]
----ftpPwd    =[qwer1234]
----ftpRdir   =[/tmp]
----ftpLdir   =[/home/fczx/src/IIImete/filedo/down/ser1]
----fileName  =[busilist_*.xml]
----ftpCtrPNum=[21]
---------ftp para end----------

ftpRet=[Local directory now /home/fczx/src/IIImete/filedo/down/ser1
05-07-16 11:36AM 290455552 227_m
05-05-10 11:17AM 46760316 44_5m
04-08-18 04:12PM 9712607 FeiQ.zip
07-24-17 07:32PM 760 health20170722.xml
08-02-17 03:10PM <DIR> his
08-08-17 05:18PM 1408 intehealth20170720.xml
08-08-17 02:09PM 1181 intehealth20170808.xml
08-17-17 03:16PM 1447 intehealth20170817.xml
03-08-18 01:27PM 171089944 kk
08-03-17 04:51PM 225 Main20170803.log
06-22-17 01:41PM 1814 Makefile
03-09-18 10:31AM 1549 putFileSFtp.sh]

Local directory now /home/fczx/src/IIImete/filedo/down/ser1 05-07-16 11:36AM 290455552 227_m 05-05-10 11:17AM 46760316 44_5m 04-08-18 04:12PM 9712607 FeiQ.zip 07-24-17 07:32PM 760 health20170722.xml 08-02-17 03:10PM <DIR> his 08-08-17 05:18PM 1408 intehealth20170720.xml 08-08-17 02:09PM 1181 intehealth20170808.xml 08-17-17 03:16PM 1447 intehealth20170817.xml 03-08-18 01:27PM 171089944 kk 08-03-17 04:51PM 225 Main20170803.log 06-22-17 01:41PM 1814 Makefile 03-09-18 10:31AM 1549 putFileSFtp.sh
2018/04/09 10:53:09.243647895 the file  [busilist_*.xml] is not exists
NOWPSSHNUM=[1]
shDebugFlag=[5]
logFile=[/home/fczx/src/IIImete/log/getFserStas.log]
fileNameTmp=[busilist_.{0,}\.xml]--------

---------ftp para begine--------
----ftpIP     =[192.168.0.154]
----ftpUser   =[Administrator]
----ftpPwd    =[qwer1234]
----ftpRdir   =[/tmp]
----ftpLdir   =[/home/fczx/src/IIImete/filedo/down/ser1]
----fileName  =[busilist_*.xml]
----ftpCtrPNum=[21]
---------ftp para end----------

ftpRet=[Local directory now /home/fczx/src/IIImete/filedo/down/ser1
05-07-16 11:36AM 290455552 227_m
05-05-10 11:17AM 46760316 44_5m
04-08-18 04:12PM 9712607 FeiQ.zip
07-24-17 07:32PM 760 health20170722.xml
08-02-17 03:10PM <DIR> his
08-08-17 05:18PM 1408 intehealth20170720.xml
08-08-17 02:09PM 1181 intehealth20170808.xml
08-17-17 03:16PM 1447 intehealth20170817.xml
03-08-18 01:27PM 171089944 kk
08-03-17 04:51PM 225 Main20170803.log
06-22-17 01:41PM 1814 Makefile
03-09-18 10:31AM 1549 putFileSFtp.sh]

Local directory now /home/fczx/src/IIImete/filedo/down/ser1 05-07-16 11:36AM 290455552 227_m 05-05-10 11:17AM 46760316 44_5m 04-08-18 04:12PM 9712607 FeiQ.zip 07-24-17 07:32PM 760 health20170722.xml 08-02-17 03:10PM <DIR> his 08-08-17 05:18PM 1408 intehealth20170720.xml 08-08-17 02:09PM 1181 intehealth20170808.xml 08-17-17 03:16PM 1447 intehealth20170817.xml 03-08-18 01:27PM 171089944 kk 08-03-17 04:51PM 225 Main20170803.log 06-22-17 01:41PM 1814 Makefile 03-09-18 10:31AM 1549 putFileSFtp.sh
2018/04/09 10:53:30.216592898 the file  [busilist_*.xml] is not exists
NOWPSSHNUM=[1]
shDebugFlag=[5]
logFile=[/home/fczx/src/IIImete/log/getFserStas.log]
fileNameTmp=[busilist_.{0,}\.xml]--------

---------ftp para begine--------
----ftpIP     =[192.168.0.154]
----ftpUser   =[Administrator]
----ftpPwd    =[qwer1234]
----ftpRdir   =[/tmp]
----ftpLdir   =[/home/fczx/src/IIImete/filedo/down/ser1]
----fileName  =[busilist_*.xml]
----ftpCtrPNum=[21]
---------ftp para end----------

ftpRet=[Local directory now /home/fczx/src/IIImete/filedo/down/ser1
05-07-16 11:36AM 290455552 227_m
05-05-10 11:17AM 46760316 44_5m
04-08-18 04:12PM 9712607 FeiQ.zip
07-24-17 07:32PM 760 health20170722.xml
08-02-17 03:10PM <DIR> his
08-08-17 05:18PM 1408 intehealth20170720.xml
08-08-17 02:09PM 1181 intehealth20170808.xml
08-17-17 03:16PM 1447 intehealth20170817.xml
03-08-18 01:27PM 171089944 kk
08-03-17 04:51PM 225 Main20170803.log
06-22-17 01:41PM 1814 Makefile
03-09-18 10:31AM 1549 putFileSFtp.sh]

ftpRet=[Local directory now /home/fczx/src/IIImete/filedo/down/ser1
05-07-16 11:36AM 290455552 227_m
05-05-10 11:17AM 46760316 44_5m
04-08-18 04:12PM 9712607 FeiQ.zip
07-24-17 07:32PM 760 health20170722.xml
08-02-17 03:10PM <DIR> his
08-08-17 05:18PM 1408 intehealth20170720.xml
08-08-17 02:09PM 1181 intehealth20170808.xml
08-17-17 03:16PM 1447 intehealth20170817.xml
03-08-18 01:27PM 171089944 kk
08-03-17 04:51PM 225 Main20170803.log
06-22-17 01:41PM 1814 Makefile
03-09-18 10:31AM 1549 putFileSFtp.sh]
2018/04/09 10:53:51.349331571 the file  [busilist_*.xml] is not exists
NOWPSSHNUM=[1]
shDebugFlag=[5]
logFile=[/home/fczx/src/IIImete/log/getFserStas.log]
fileNameTmp=[busilist_.{0,}\.xml]--------

---------ftp para begine--------
----ftpIP     =[192.168.0.154]
----ftpUser   =[Administrator]
----ftpPwd    =[qwer1234]
----ftpRdir   =[/tmp]
----ftpLdir   =[/home/fczx/src/IIImete/filedo/down/ser1]
----fileName  =[busilist_*.xml]
----ftpCtrPNum=[21]
---------ftp para end----------

ftpRet=[Local directory now /home/fczx/src/IIImete/filedo/down/ser1
05-07-16 11:36AM 290455552 227_m
05-05-10 11:17AM 46760316 44_5m
04-08-18 04:12PM 9712607 FeiQ.zip
07-24-17 07:32PM 760 health20170722.xml
08-02-17 03:10PM <DIR> his
08-08-17 05:18PM 1408 intehealth20170720.xml
08-08-17 02:09PM 1181 intehealth20170808.xml
08-17-17 03:16PM 1447 intehealth20170817.xml
03-08-18 01:27PM 171089944 kk
08-03-17 04:51PM 225 Main20170803.log
06-22-17 01:41PM 1814 Makefile
03-09-18 10:31AM 1549 putFileSFtp.sh]

ftpRet=[Local directory now /home/fczx/src/IIImete/filedo/down/ser1
05-07-16 11:36AM 290455552 227_m
05-05-10 11:17AM 46760316 44_5m
04-08-18 04:12PM 9712607 FeiQ.zip
07-24-17 07:32PM 760 health20170722.xml
08-02-17 03:10PM <DIR> his
08-08-17 05:18PM 1408 intehealth20170720.xml
08-08-17 02:09PM 1181 intehealth20170808.xml
08-17-17 03:16PM 1447 intehealth20170817.xml
03-08-18 01:27PM 171089944 kk
08-03-17 04:51PM 225 Main20170803.log
06-22-17 01:41PM 1814 Makefile
03-09-18 10:31AM 1549 putFileSFtp.sh]
2018/04/09 10:54:12.198650948 the file  [busilist_*.xml] is not exists
ftpRet=[Local directory now /home/fczx/src/IIImete/filedo/down/ser1
05-07-16 11:36AM 290455552 227_m
05-05-10 11:17AM 46760316 44_5m
04-08-18 04:12PM 9712607 FeiQ.zip
07-24-17 07:32PM 760 health20170722.xml
08-02-17 03:10PM <DIR> his
08-08-17 05:18PM 1408 intehealth20170720.xml
08-08-17 02:09PM 1181 intehealth20170808.xml
08-17-17 03:16PM 1447 intehealth20170817.xml
03-08-18 01:27PM 171089944 kk
08-03-17 04:51PM 225 Main20170803.log
06-22-17 01:41PM 1814 Makefile
03-09-18 10:31AM 1549 putFileSFtp.sh]
2018/04/09 10:54:33.230509767 the file  [busilist_*.xml] is not exists
ftpRet=[Local directory now /home/fczx/src/IIImete/filedo/down/ser1
05-07-16 11:36AM 290455552 227_m
05-05-10 11:17AM 46760316 44_5m
04-08-18 04:12PM 9712607 FeiQ.zip
07-24-17 07:32PM 760 health20170722.xml
08-02-17 03:10PM <DIR> his
08-08-17 05:18PM 1408 intehealth20170720.xml
08-08-17 02:09PM 1181 intehealth20170808.xml
08-17-17 03:16PM 1447 intehealth20170817.xml
03-08-18 01:27PM 171089944 kk
08-03-17 04:51PM 225 Main20170803.log
06-22-17 01:41PM 1814 Makefile
03-09-18 10:31AM 1549 putFileSFtp.sh]
2018/04/09 10:54:54.209660883 the file  [busilist_*.xml] is not exists
ftpRet=[Local directory now /home/fczx/src/IIImete/filedo/down/ser1
05-07-16 11:36AM 290455552 227_m
05-05-10 11:17AM 46760316 44_5m
04-08-18 04:12PM 9712607 FeiQ.zip
07-24-17 07:32PM 760 health20170722.xml
08-02-17 03:10PM <DIR> his
08-08-17 05:18PM 1408 intehealth20170720.xml
08-08-17 02:09PM 1181 intehealth20170808.xml
08-17-17 03:16PM 1447 intehealth20170817.xml
03-08-18 01:27PM 171089944 kk
08-03-17 04:51PM 225 Main20170803.log
06-22-17 01:41PM 1814 Makefile
03-09-18 10:31AM 1549 putFileSFtp.sh]
2018/04/09 10:55:15.322767740 the file  [busilist_*.xml] is not exists
ftpRet=[Local directory now /home/fczx/src/IIImete/filedo/down/ser1
05-07-16 11:36AM 290455552 227_m
05-05-10 11:17AM 46760316 44_5m
04-08-18 04:12PM 9712607 FeiQ.zip
07-24-17 07:32PM 760 health20170722.xml
08-02-17 03:10PM <DIR> his
08-08-17 05:18PM 1408 intehealth20170720.xml
08-08-17 02:09PM 1181 intehealth20170808.xml
08-17-17 03:16PM 1447 intehealth20170817.xml
03-08-18 01:27PM 171089944 kk
08-03-17 04:51PM 225 Main20170803.log
06-22-17 01:41PM 1814 Makefile
03-09-18 10:31AM 1549 putFileSFtp.sh]
2018/04/09 10:55:36.393155743 the file  [busilist_*.xml] is not exists
ftpRet=[Local directory now /home/fczx/src/IIImete/filedo/down/ser1
05-07-16 11:36AM 290455552 227_m
05-05-10 11:17AM 46760316 44_5m
04-08-18 04:12PM 9712607 FeiQ.zip
07-24-17 07:32PM 760 health20170722.xml
08-02-17 03:10PM <DIR> his
08-08-17 05:18PM 1408 intehealth20170720.xml
08-08-17 02:09PM 1181 intehealth20170808.xml
08-17-17 03:16PM 1447 intehealth20170817.xml
03-08-18 01:27PM 171089944 kk
08-03-17 04:51PM 225 Main20170803.log
06-22-17 01:41PM 1814 Makefile
03-09-18 10:31AM 1549 putFileSFtp.sh]
2018/04/09 10:55:57.276457621 the file  [busilist_*.xml] is not exists
ftpRet=[Local directory now /home/fczx/src/IIImete/filedo/down/ser1
05-07-16 11:36AM 290455552 227_m
05-05-10 11:17AM 46760316 44_5m
04-08-18 04:12PM 9712607 FeiQ.zip
07-24-17 07:32PM 760 health20170722.xml
08-02-17 03:10PM <DIR> his
08-08-17 05:18PM 1408 intehealth20170720.xml
08-08-17 02:09PM 1181 intehealth20170808.xml
08-17-17 03:16PM 1447 intehealth20170817.xml
03-08-18 01:27PM 171089944 kk
08-03-17 04:51PM 225 Main20170803.log
06-22-17 01:41PM 1814 Makefile
03-09-18 10:31AM 1549 putFileSFtp.sh]
2018/04/09 10:56:18.239801914 the file  [busilist_*.xml] is not exists
ftpRet=[Local directory now /home/fczx/src/IIImete/filedo/down/ser1
05-07-16 11:36AM 290455552 227_m
05-05-10 11:17AM 46760316 44_5m
04-08-18 04:12PM 9712607 FeiQ.zip
07-24-17 07:32PM 760 health20170722.xml
08-02-17 03:10PM <DIR> his
08-08-17 05:18PM 1408 intehealth20170720.xml
08-08-17 02:09PM 1181 intehealth20170808.xml
08-17-17 03:16PM 1447 intehealth20170817.xml
03-08-18 01:27PM 171089944 kk
08-03-17 04:51PM 225 Main20170803.log
06-22-17 01:41PM 1814 Makefile
03-09-18 10:31AM 1549 putFileSFtp.sh]
2018/04/09 10:56:39.340648235 the file  [busilist_*.xml] is not exists
ftpRet=[Local directory now /home/fczx/src/IIImete/filedo/down/ser1
05-07-16 11:36AM 290455552 227_m
05-05-10 11:17AM 46760316 44_5m
04-08-18 04:12PM 9712607 FeiQ.zip
07-24-17 07:32PM 760 health20170722.xml
08-02-17 03:10PM <DIR> his
08-08-17 05:18PM 1408 intehealth20170720.xml
08-08-17 02:09PM 1181 intehealth20170808.xml
08-17-17 03:16PM 1447 intehealth20170817.xml
03-08-18 01:27PM 171089944 kk
08-03-17 04:51PM 225 Main20170803.log
06-22-17 01:41PM 1814 Makefile
03-09-18 10:31AM 1549 putFileSFtp.sh]
2018/04/09 10:57:00.271367475 the file  [busilist_*.xml] is not exists
ftpRet=[Local directory now /home/fczx/src/IIImete/filedo/down/ser1
05-07-16 11:36AM 290455552 227_m
05-05-10 11:17AM 46760316 44_5m
04-08-18 04:12PM 9712607 FeiQ.zip
07-24-17 07:32PM 760 health20170722.xml
08-02-17 03:10PM <DIR> his
08-08-17 05:18PM 1408 intehealth20170720.xml
08-08-17 02:09PM 1181 intehealth20170808.xml
08-17-17 03:16PM 1447 intehealth20170817.xml
03-08-18 01:27PM 171089944 kk
08-03-17 04:51PM 225 Main20170803.log
06-22-17 01:41PM 1814 Makefile
03-09-18 10:31AM 1549 putFileSFtp.sh]
2018/04/09 10:57:21.329107004 the file  [busilist_*.xml] is not exists

ftpRet=[Local directory now /home/fczx/src/IIImete/filedo/down/ser1
05-07-16 11:36AM 290455552 227_m
05-05-10 11:17AM 46760316 44_5m
04-08-18 04:12PM 9712607 FeiQ.zip
07-24-17 07:32PM 760 health20170722.xml
08-02-17 03:10PM <DIR> his
08-08-17 05:18PM 1408 intehealth20170720.xml
08-08-17 02:09PM 1181 intehealth20170808.xml
08-17-17 03:16PM 1447 intehealth20170817.xml
03-08-18 01:27PM 171089944 kk
08-03-17 04:51PM 225 Main20170803.log
06-22-17 01:41PM 1814 Makefile
03-09-18 10:31AM 1549 putFileSFtp.sh]
2018/04/09 10:57:42.408959107 the file  [busilist_*.xml] is not exists

ftpRet=[ftp: connect: Network is unreachable
Not connected.
Not connected.
Local directory now /home/fczx/src/IIImete/filedo/down/ser1
Not connected.]
2018/04/27 10:46:48.929371383 connet ftp server [192.168.0.154] is error

ftpRet=[ftp: connect: Network is unreachable
Not connected.
Not connected.
Local directory now /home/fczx/src/IIImete/filedo/down/ser1
Not connected.]
2018/04/27 10:47:09.735516027 connet ftp server [192.168.0.154] is error

ftpRet=[ftp: connect: Network is unreachable
Not connected.
Not connected.
Local directory now /home/fczx/src/IIImete/filedo/down/ser1
Not connected.]
2018/05/14 10:08:51.774798291 connet ftp server [192.168.0.154] is error

